[2025-07-29T22:45:21.951+0000] {processor.py:157} INFO - Started process (PID=715) to work on /opt/airflow/dags/loader_dag.py
[2025-07-29T22:45:21.952+0000] {processor.py:829} INFO - Processing file /opt/airflow/dags/loader_dag.py for tasks to queue
[2025-07-29T22:45:21.956+0000] {logging_mixin.py:151} INFO - [2025-07-29T22:45:21.954+0000] {dagbag.py:539} INFO - Filling up the DagBag from /opt/airflow/dags/loader_dag.py
[2025-07-29T22:45:21.963+0000] {processor.py:841} WARNING - No viable dags retrieved from /opt/airflow/dags/loader_dag.py
[2025-07-29T22:45:21.973+0000] {processor.py:179} INFO - Processing /opt/airflow/dags/loader_dag.py took 0.025 seconds
[2025-07-29T22:45:40.783+0000] {processor.py:157} INFO - Started process (PID=755) to work on /opt/airflow/dags/loader_dag.py
[2025-07-29T22:45:40.784+0000] {processor.py:829} INFO - Processing file /opt/airflow/dags/loader_dag.py for tasks to queue
[2025-07-29T22:45:40.784+0000] {logging_mixin.py:151} INFO - [2025-07-29T22:45:40.784+0000] {dagbag.py:539} INFO - Filling up the DagBag from /opt/airflow/dags/loader_dag.py
[2025-07-29T22:45:40.787+0000] {processor.py:841} WARNING - No viable dags retrieved from /opt/airflow/dags/loader_dag.py
[2025-07-29T22:45:40.801+0000] {processor.py:179} INFO - Processing /opt/airflow/dags/loader_dag.py took 0.022 seconds
[2025-07-29T22:46:11.067+0000] {processor.py:157} INFO - Started process (PID=802) to work on /opt/airflow/dags/loader_dag.py
[2025-07-29T22:46:11.068+0000] {processor.py:829} INFO - Processing file /opt/airflow/dags/loader_dag.py for tasks to queue
[2025-07-29T22:46:11.069+0000] {logging_mixin.py:151} INFO - [2025-07-29T22:46:11.068+0000] {dagbag.py:539} INFO - Filling up the DagBag from /opt/airflow/dags/loader_dag.py
[2025-07-29T22:46:11.072+0000] {processor.py:841} WARNING - No viable dags retrieved from /opt/airflow/dags/loader_dag.py
[2025-07-29T22:46:11.085+0000] {processor.py:179} INFO - Processing /opt/airflow/dags/loader_dag.py took 0.023 seconds
[2025-07-29T22:46:41.873+0000] {processor.py:157} INFO - Started process (PID=849) to work on /opt/airflow/dags/loader_dag.py
[2025-07-29T22:46:41.874+0000] {processor.py:829} INFO - Processing file /opt/airflow/dags/loader_dag.py for tasks to queue
[2025-07-29T22:46:41.874+0000] {logging_mixin.py:151} INFO - [2025-07-29T22:46:41.874+0000] {dagbag.py:539} INFO - Filling up the DagBag from /opt/airflow/dags/loader_dag.py
[2025-07-29T22:46:41.877+0000] {processor.py:841} WARNING - No viable dags retrieved from /opt/airflow/dags/loader_dag.py
[2025-07-29T22:46:41.886+0000] {processor.py:179} INFO - Processing /opt/airflow/dags/loader_dag.py took 0.016 seconds
[2025-07-29T22:47:12.668+0000] {processor.py:157} INFO - Started process (PID=896) to work on /opt/airflow/dags/loader_dag.py
[2025-07-29T22:47:12.669+0000] {processor.py:829} INFO - Processing file /opt/airflow/dags/loader_dag.py for tasks to queue
[2025-07-29T22:47:12.670+0000] {logging_mixin.py:151} INFO - [2025-07-29T22:47:12.670+0000] {dagbag.py:539} INFO - Filling up the DagBag from /opt/airflow/dags/loader_dag.py
[2025-07-29T22:47:12.674+0000] {processor.py:841} WARNING - No viable dags retrieved from /opt/airflow/dags/loader_dag.py
[2025-07-29T22:47:12.685+0000] {processor.py:179} INFO - Processing /opt/airflow/dags/loader_dag.py took 0.021 seconds
[2025-07-29T22:47:37.462+0000] {processor.py:157} INFO - Started process (PID=943) to work on /opt/airflow/dags/loader_dag.py
[2025-07-29T22:47:37.462+0000] {processor.py:829} INFO - Processing file /opt/airflow/dags/loader_dag.py for tasks to queue
[2025-07-29T22:47:37.463+0000] {logging_mixin.py:151} INFO - [2025-07-29T22:47:37.463+0000] {dagbag.py:539} INFO - Filling up the DagBag from /opt/airflow/dags/loader_dag.py
[2025-07-29T22:47:37.476+0000] {logging_mixin.py:151} INFO - [2025-07-29T22:47:37.474+0000] {dagbag.py:347} ERROR - Failed to import: /opt/airflow/dags/loader_dag.py
Traceback (most recent call last):
  File "/home/airflow/.local/lib/python3.8/site-packages/airflow/models/dagbag.py", line 343, in parse
    loader.exec_module(new_module)
  File "<frozen importlib._bootstrap_external>", line 843, in exec_module
  File "<frozen importlib._bootstrap>", line 219, in _call_with_frames_removed
  File "/opt/airflow/dags/loader_dag.py", line 19, in <module>
    ingest_account_dim = BashOperator(
  File "/home/airflow/.local/lib/python3.8/site-packages/airflow/models/baseoperator.py", line 437, in apply_defaults
    result = func(self, **kwargs, default_args=default_args)
  File "/home/airflow/.local/lib/python3.8/site-packages/airflow/operators/bash.py", line 150, in __init__
    super().__init__(**kwargs)
  File "/home/airflow/.local/lib/python3.8/site-packages/airflow/models/baseoperator.py", line 437, in apply_defaults
    result = func(self, **kwargs, default_args=default_args)
TypeError: __init__() missing 1 required positional argument: 'task_id'
[2025-07-29T22:47:37.477+0000] {processor.py:841} WARNING - No viable dags retrieved from /opt/airflow/dags/loader_dag.py
[2025-07-29T22:47:37.491+0000] {processor.py:179} INFO - Processing /opt/airflow/dags/loader_dag.py took 0.034 seconds
[2025-07-29T22:48:02.340+0000] {processor.py:157} INFO - Started process (PID=990) to work on /opt/airflow/dags/loader_dag.py
[2025-07-29T22:48:02.341+0000] {processor.py:829} INFO - Processing file /opt/airflow/dags/loader_dag.py for tasks to queue
[2025-07-29T22:48:02.342+0000] {logging_mixin.py:151} INFO - [2025-07-29T22:48:02.341+0000] {dagbag.py:539} INFO - Filling up the DagBag from /opt/airflow/dags/loader_dag.py
[2025-07-29T22:48:02.352+0000] {logging_mixin.py:151} INFO - [2025-07-29T22:48:02.349+0000] {dagbag.py:347} ERROR - Failed to import: /opt/airflow/dags/loader_dag.py
Traceback (most recent call last):
  File "/home/airflow/.local/lib/python3.8/site-packages/airflow/models/dagbag.py", line 343, in parse
    loader.exec_module(new_module)
  File "<frozen importlib._bootstrap_external>", line 843, in exec_module
  File "<frozen importlib._bootstrap>", line 219, in _call_with_frames_removed
  File "/opt/airflow/dags/loader_dag.py", line 19, in <module>
    ingest_account_dim = BashOperator(
  File "/home/airflow/.local/lib/python3.8/site-packages/airflow/models/baseoperator.py", line 437, in apply_defaults
    result = func(self, **kwargs, default_args=default_args)
  File "/home/airflow/.local/lib/python3.8/site-packages/airflow/operators/bash.py", line 150, in __init__
    super().__init__(**kwargs)
  File "/home/airflow/.local/lib/python3.8/site-packages/airflow/models/baseoperator.py", line 437, in apply_defaults
    result = func(self, **kwargs, default_args=default_args)
  File "/home/airflow/.local/lib/python3.8/site-packages/airflow/models/baseoperator.py", line 930, in __init__
    self.dag = dag
  File "/home/airflow/.local/lib/python3.8/site-packages/airflow/models/baseoperator.py", line 1045, in __setattr__
    super().__setattr__(key, value)
  File "/home/airflow/.local/lib/python3.8/site-packages/airflow/models/baseoperator.py", line 1106, in dag
    dag.add_task(self)
  File "/home/airflow/.local/lib/python3.8/site-packages/airflow/models/dag.py", line 2540, in add_task
    raise AirflowException("DAG is missing the start_date parameter")
airflow.exceptions.AirflowException: DAG is missing the start_date parameter
[2025-07-29T22:48:02.352+0000] {processor.py:841} WARNING - No viable dags retrieved from /opt/airflow/dags/loader_dag.py
[2025-07-29T22:48:02.362+0000] {processor.py:179} INFO - Processing /opt/airflow/dags/loader_dag.py took 0.025 seconds
[2025-07-29T22:48:32.374+0000] {processor.py:157} INFO - Started process (PID=1037) to work on /opt/airflow/dags/loader_dag.py
[2025-07-29T22:48:32.375+0000] {processor.py:829} INFO - Processing file /opt/airflow/dags/loader_dag.py for tasks to queue
[2025-07-29T22:48:32.375+0000] {logging_mixin.py:151} INFO - [2025-07-29T22:48:32.375+0000] {dagbag.py:539} INFO - Filling up the DagBag from /opt/airflow/dags/loader_dag.py
[2025-07-29T22:48:32.382+0000] {logging_mixin.py:151} INFO - [2025-07-29T22:48:32.381+0000] {dagbag.py:347} ERROR - Failed to import: /opt/airflow/dags/loader_dag.py
Traceback (most recent call last):
  File "/home/airflow/.local/lib/python3.8/site-packages/airflow/models/dagbag.py", line 343, in parse
    loader.exec_module(new_module)
  File "<frozen importlib._bootstrap_external>", line 843, in exec_module
  File "<frozen importlib._bootstrap>", line 219, in _call_with_frames_removed
  File "/opt/airflow/dags/loader_dag.py", line 19, in <module>
    ingest_account_dim = BashOperator(
  File "/home/airflow/.local/lib/python3.8/site-packages/airflow/models/baseoperator.py", line 437, in apply_defaults
    result = func(self, **kwargs, default_args=default_args)
  File "/home/airflow/.local/lib/python3.8/site-packages/airflow/operators/bash.py", line 150, in __init__
    super().__init__(**kwargs)
  File "/home/airflow/.local/lib/python3.8/site-packages/airflow/models/baseoperator.py", line 437, in apply_defaults
    result = func(self, **kwargs, default_args=default_args)
  File "/home/airflow/.local/lib/python3.8/site-packages/airflow/models/baseoperator.py", line 930, in __init__
    self.dag = dag
  File "/home/airflow/.local/lib/python3.8/site-packages/airflow/models/baseoperator.py", line 1045, in __setattr__
    super().__setattr__(key, value)
  File "/home/airflow/.local/lib/python3.8/site-packages/airflow/models/baseoperator.py", line 1106, in dag
    dag.add_task(self)
  File "/home/airflow/.local/lib/python3.8/site-packages/airflow/models/dag.py", line 2540, in add_task
    raise AirflowException("DAG is missing the start_date parameter")
airflow.exceptions.AirflowException: DAG is missing the start_date parameter
[2025-07-29T22:48:32.382+0000] {processor.py:841} WARNING - No viable dags retrieved from /opt/airflow/dags/loader_dag.py
[2025-07-29T22:48:32.392+0000] {processor.py:179} INFO - Processing /opt/airflow/dags/loader_dag.py took 0.020 seconds
[2025-07-29T22:49:03.157+0000] {processor.py:157} INFO - Started process (PID=1084) to work on /opt/airflow/dags/loader_dag.py
[2025-07-29T22:49:03.158+0000] {processor.py:829} INFO - Processing file /opt/airflow/dags/loader_dag.py for tasks to queue
[2025-07-29T22:49:03.159+0000] {logging_mixin.py:151} INFO - [2025-07-29T22:49:03.158+0000] {dagbag.py:539} INFO - Filling up the DagBag from /opt/airflow/dags/loader_dag.py
[2025-07-29T22:49:03.168+0000] {logging_mixin.py:151} INFO - [2025-07-29T22:49:03.166+0000] {dagbag.py:347} ERROR - Failed to import: /opt/airflow/dags/loader_dag.py
Traceback (most recent call last):
  File "/home/airflow/.local/lib/python3.8/site-packages/airflow/models/dagbag.py", line 343, in parse
    loader.exec_module(new_module)
  File "<frozen importlib._bootstrap_external>", line 843, in exec_module
  File "<frozen importlib._bootstrap>", line 219, in _call_with_frames_removed
  File "/opt/airflow/dags/loader_dag.py", line 19, in <module>
    ingest_account_dim = BashOperator(
  File "/home/airflow/.local/lib/python3.8/site-packages/airflow/models/baseoperator.py", line 437, in apply_defaults
    result = func(self, **kwargs, default_args=default_args)
  File "/home/airflow/.local/lib/python3.8/site-packages/airflow/operators/bash.py", line 150, in __init__
    super().__init__(**kwargs)
  File "/home/airflow/.local/lib/python3.8/site-packages/airflow/models/baseoperator.py", line 437, in apply_defaults
    result = func(self, **kwargs, default_args=default_args)
  File "/home/airflow/.local/lib/python3.8/site-packages/airflow/models/baseoperator.py", line 930, in __init__
    self.dag = dag
  File "/home/airflow/.local/lib/python3.8/site-packages/airflow/models/baseoperator.py", line 1045, in __setattr__
    super().__setattr__(key, value)
  File "/home/airflow/.local/lib/python3.8/site-packages/airflow/models/baseoperator.py", line 1106, in dag
    dag.add_task(self)
  File "/home/airflow/.local/lib/python3.8/site-packages/airflow/models/dag.py", line 2540, in add_task
    raise AirflowException("DAG is missing the start_date parameter")
airflow.exceptions.AirflowException: DAG is missing the start_date parameter
[2025-07-29T22:49:03.168+0000] {processor.py:841} WARNING - No viable dags retrieved from /opt/airflow/dags/loader_dag.py
[2025-07-29T22:49:03.180+0000] {processor.py:179} INFO - Processing /opt/airflow/dags/loader_dag.py took 0.028 seconds
[2025-07-29T22:49:33.938+0000] {processor.py:157} INFO - Started process (PID=1131) to work on /opt/airflow/dags/loader_dag.py
[2025-07-29T22:49:33.939+0000] {processor.py:829} INFO - Processing file /opt/airflow/dags/loader_dag.py for tasks to queue
[2025-07-29T22:49:33.939+0000] {logging_mixin.py:151} INFO - [2025-07-29T22:49:33.939+0000] {dagbag.py:539} INFO - Filling up the DagBag from /opt/airflow/dags/loader_dag.py
[2025-07-29T22:49:33.946+0000] {logging_mixin.py:151} INFO - [2025-07-29T22:49:33.945+0000] {dagbag.py:347} ERROR - Failed to import: /opt/airflow/dags/loader_dag.py
Traceback (most recent call last):
  File "/home/airflow/.local/lib/python3.8/site-packages/airflow/models/dagbag.py", line 343, in parse
    loader.exec_module(new_module)
  File "<frozen importlib._bootstrap_external>", line 843, in exec_module
  File "<frozen importlib._bootstrap>", line 219, in _call_with_frames_removed
  File "/opt/airflow/dags/loader_dag.py", line 19, in <module>
    ingest_account_dim = BashOperator(
  File "/home/airflow/.local/lib/python3.8/site-packages/airflow/models/baseoperator.py", line 437, in apply_defaults
    result = func(self, **kwargs, default_args=default_args)
  File "/home/airflow/.local/lib/python3.8/site-packages/airflow/operators/bash.py", line 150, in __init__
    super().__init__(**kwargs)
  File "/home/airflow/.local/lib/python3.8/site-packages/airflow/models/baseoperator.py", line 437, in apply_defaults
    result = func(self, **kwargs, default_args=default_args)
  File "/home/airflow/.local/lib/python3.8/site-packages/airflow/models/baseoperator.py", line 930, in __init__
    self.dag = dag
  File "/home/airflow/.local/lib/python3.8/site-packages/airflow/models/baseoperator.py", line 1045, in __setattr__
    super().__setattr__(key, value)
  File "/home/airflow/.local/lib/python3.8/site-packages/airflow/models/baseoperator.py", line 1106, in dag
    dag.add_task(self)
  File "/home/airflow/.local/lib/python3.8/site-packages/airflow/models/dag.py", line 2540, in add_task
    raise AirflowException("DAG is missing the start_date parameter")
airflow.exceptions.AirflowException: DAG is missing the start_date parameter
[2025-07-29T22:49:33.946+0000] {processor.py:841} WARNING - No viable dags retrieved from /opt/airflow/dags/loader_dag.py
[2025-07-29T22:49:33.958+0000] {processor.py:179} INFO - Processing /opt/airflow/dags/loader_dag.py took 0.022 seconds
[2025-07-29T22:50:03.990+0000] {processor.py:157} INFO - Started process (PID=1178) to work on /opt/airflow/dags/loader_dag.py
[2025-07-29T22:50:03.991+0000] {processor.py:829} INFO - Processing file /opt/airflow/dags/loader_dag.py for tasks to queue
[2025-07-29T22:50:03.991+0000] {logging_mixin.py:151} INFO - [2025-07-29T22:50:03.991+0000] {dagbag.py:539} INFO - Filling up the DagBag from /opt/airflow/dags/loader_dag.py
[2025-07-29T22:50:03.995+0000] {logging_mixin.py:151} INFO - [2025-07-29T22:50:03.994+0000] {dagbag.py:347} ERROR - Failed to import: /opt/airflow/dags/loader_dag.py
Traceback (most recent call last):
  File "/home/airflow/.local/lib/python3.8/site-packages/airflow/models/dagbag.py", line 343, in parse
    loader.exec_module(new_module)
  File "<frozen importlib._bootstrap_external>", line 843, in exec_module
  File "<frozen importlib._bootstrap>", line 219, in _call_with_frames_removed
  File "/opt/airflow/dags/loader_dag.py", line 19, in <module>
    ingest_account_dim = BashOperator(
  File "/home/airflow/.local/lib/python3.8/site-packages/airflow/models/baseoperator.py", line 437, in apply_defaults
    result = func(self, **kwargs, default_args=default_args)
  File "/home/airflow/.local/lib/python3.8/site-packages/airflow/operators/bash.py", line 150, in __init__
    super().__init__(**kwargs)
  File "/home/airflow/.local/lib/python3.8/site-packages/airflow/models/baseoperator.py", line 437, in apply_defaults
    result = func(self, **kwargs, default_args=default_args)
  File "/home/airflow/.local/lib/python3.8/site-packages/airflow/models/baseoperator.py", line 930, in __init__
    self.dag = dag
  File "/home/airflow/.local/lib/python3.8/site-packages/airflow/models/baseoperator.py", line 1045, in __setattr__
    super().__setattr__(key, value)
  File "/home/airflow/.local/lib/python3.8/site-packages/airflow/models/baseoperator.py", line 1106, in dag
    dag.add_task(self)
  File "/home/airflow/.local/lib/python3.8/site-packages/airflow/models/dag.py", line 2540, in add_task
    raise AirflowException("DAG is missing the start_date parameter")
airflow.exceptions.AirflowException: DAG is missing the start_date parameter
[2025-07-29T22:50:03.995+0000] {processor.py:841} WARNING - No viable dags retrieved from /opt/airflow/dags/loader_dag.py
[2025-07-29T22:50:04.003+0000] {processor.py:179} INFO - Processing /opt/airflow/dags/loader_dag.py took 0.014 seconds
[2025-07-29T22:50:34.237+0000] {processor.py:157} INFO - Started process (PID=1190) to work on /opt/airflow/dags/loader_dag.py
[2025-07-29T22:50:34.239+0000] {processor.py:829} INFO - Processing file /opt/airflow/dags/loader_dag.py for tasks to queue
[2025-07-29T22:50:34.239+0000] {logging_mixin.py:151} INFO - [2025-07-29T22:50:34.239+0000] {dagbag.py:539} INFO - Filling up the DagBag from /opt/airflow/dags/loader_dag.py
[2025-07-29T22:50:34.256+0000] {logging_mixin.py:151} INFO - [2025-07-29T22:50:34.251+0000] {dagbag.py:347} ERROR - Failed to import: /opt/airflow/dags/loader_dag.py
Traceback (most recent call last):
  File "/home/airflow/.local/lib/python3.8/site-packages/airflow/models/dagbag.py", line 343, in parse
    loader.exec_module(new_module)
  File "<frozen importlib._bootstrap_external>", line 843, in exec_module
  File "<frozen importlib._bootstrap>", line 219, in _call_with_frames_removed
  File "/opt/airflow/dags/loader_dag.py", line 19, in <module>
    ingest_account_dim = BashOperator(
  File "/home/airflow/.local/lib/python3.8/site-packages/airflow/models/baseoperator.py", line 437, in apply_defaults
    result = func(self, **kwargs, default_args=default_args)
  File "/home/airflow/.local/lib/python3.8/site-packages/airflow/operators/bash.py", line 150, in __init__
    super().__init__(**kwargs)
  File "/home/airflow/.local/lib/python3.8/site-packages/airflow/models/baseoperator.py", line 437, in apply_defaults
    result = func(self, **kwargs, default_args=default_args)
  File "/home/airflow/.local/lib/python3.8/site-packages/airflow/models/baseoperator.py", line 930, in __init__
    self.dag = dag
  File "/home/airflow/.local/lib/python3.8/site-packages/airflow/models/baseoperator.py", line 1045, in __setattr__
    super().__setattr__(key, value)
  File "/home/airflow/.local/lib/python3.8/site-packages/airflow/models/baseoperator.py", line 1106, in dag
    dag.add_task(self)
  File "/home/airflow/.local/lib/python3.8/site-packages/airflow/models/dag.py", line 2540, in add_task
    raise AirflowException("DAG is missing the start_date parameter")
airflow.exceptions.AirflowException: DAG is missing the start_date parameter
[2025-07-29T22:50:34.256+0000] {processor.py:841} WARNING - No viable dags retrieved from /opt/airflow/dags/loader_dag.py
[2025-07-29T22:50:34.269+0000] {processor.py:179} INFO - Processing /opt/airflow/dags/loader_dag.py took 0.037 seconds
[2025-07-29T22:50:37.862+0000] {processor.py:157} INFO - Started process (PID=1230) to work on /opt/airflow/dags/loader_dag.py
[2025-07-29T22:50:37.863+0000] {processor.py:829} INFO - Processing file /opt/airflow/dags/loader_dag.py for tasks to queue
[2025-07-29T22:50:37.864+0000] {logging_mixin.py:151} INFO - [2025-07-29T22:50:37.864+0000] {dagbag.py:539} INFO - Filling up the DagBag from /opt/airflow/dags/loader_dag.py
[2025-07-29T22:50:37.878+0000] {processor.py:839} INFO - DAG(s) dict_keys(['dimension_batch_ingestion']) retrieved from /opt/airflow/dags/loader_dag.py
[2025-07-29T22:50:37.977+0000] {logging_mixin.py:151} INFO - [2025-07-29T22:50:37.977+0000] {manager.py:499} INFO - Created Permission View: %s
[2025-07-29T22:50:37.981+0000] {logging_mixin.py:151} INFO - [2025-07-29T22:50:37.981+0000] {manager.py:499} INFO - Created Permission View: %s
[2025-07-29T22:50:38.073+0000] {logging_mixin.py:151} INFO - [2025-07-29T22:50:38.073+0000] {manager.py:499} INFO - Created Permission View: %s
[2025-07-29T22:50:38.073+0000] {logging_mixin.py:151} INFO - [2025-07-29T22:50:38.073+0000] {security.py:708} INFO - Not syncing DAG-level permissions for DAG 'DAG:dimension_batch_ingestion' as access control is unset.
[2025-07-29T22:50:38.074+0000] {logging_mixin.py:151} INFO - [2025-07-29T22:50:38.074+0000] {dag.py:2915} INFO - Sync 1 DAGs
[2025-07-29T22:50:38.077+0000] {logging_mixin.py:151} INFO - [2025-07-29T22:50:38.077+0000] {dag.py:2937} INFO - Creating ORM DAG for dimension_batch_ingestion
[2025-07-29T22:50:38.080+0000] {logging_mixin.py:151} INFO - [2025-07-29T22:50:38.080+0000] {dag.py:3696} INFO - Setting next_dagrun for dimension_batch_ingestion to 2025-07-28T00:00:00+00:00, run_after=2025-07-29T00:00:00+00:00
[2025-07-29T22:50:38.086+0000] {processor.py:179} INFO - Processing /opt/airflow/dags/loader_dag.py took 0.228 seconds
[2025-07-29T22:51:08.751+0000] {processor.py:157} INFO - Started process (PID=1277) to work on /opt/airflow/dags/loader_dag.py
[2025-07-29T22:51:08.752+0000] {processor.py:829} INFO - Processing file /opt/airflow/dags/loader_dag.py for tasks to queue
[2025-07-29T22:51:08.753+0000] {logging_mixin.py:151} INFO - [2025-07-29T22:51:08.753+0000] {dagbag.py:539} INFO - Filling up the DagBag from /opt/airflow/dags/loader_dag.py
[2025-07-29T22:51:08.766+0000] {processor.py:839} INFO - DAG(s) dict_keys(['dimension_batch_ingestion']) retrieved from /opt/airflow/dags/loader_dag.py
[2025-07-29T22:51:08.785+0000] {logging_mixin.py:151} INFO - [2025-07-29T22:51:08.785+0000] {dag.py:2915} INFO - Sync 1 DAGs
[2025-07-29T22:51:08.798+0000] {logging_mixin.py:151} INFO - [2025-07-29T22:51:08.797+0000] {dag.py:3696} INFO - Setting next_dagrun for dimension_batch_ingestion to 2025-07-28T00:00:00+00:00, run_after=2025-07-29T00:00:00+00:00
[2025-07-29T22:51:08.805+0000] {processor.py:179} INFO - Processing /opt/airflow/dags/loader_dag.py took 0.058 seconds
[2025-07-29T22:51:38.967+0000] {processor.py:157} INFO - Started process (PID=1335) to work on /opt/airflow/dags/loader_dag.py
[2025-07-29T22:51:38.968+0000] {processor.py:829} INFO - Processing file /opt/airflow/dags/loader_dag.py for tasks to queue
[2025-07-29T22:51:38.968+0000] {logging_mixin.py:151} INFO - [2025-07-29T22:51:38.968+0000] {dagbag.py:539} INFO - Filling up the DagBag from /opt/airflow/dags/loader_dag.py
[2025-07-29T22:51:38.980+0000] {processor.py:839} INFO - DAG(s) dict_keys(['dimension_batch_ingestion']) retrieved from /opt/airflow/dags/loader_dag.py
[2025-07-29T22:51:38.996+0000] {logging_mixin.py:151} INFO - [2025-07-29T22:51:38.996+0000] {dag.py:2915} INFO - Sync 1 DAGs
[2025-07-29T22:51:39.008+0000] {logging_mixin.py:151} INFO - [2025-07-29T22:51:39.008+0000] {dag.py:3696} INFO - Setting next_dagrun for dimension_batch_ingestion to 2025-07-29T00:00:00+00:00, run_after=2025-07-30T00:00:00+00:00
[2025-07-29T22:51:39.018+0000] {processor.py:179} INFO - Processing /opt/airflow/dags/loader_dag.py took 0.054 seconds
[2025-07-29T22:52:09.114+0000] {processor.py:157} INFO - Started process (PID=1385) to work on /opt/airflow/dags/loader_dag.py
[2025-07-29T22:52:09.115+0000] {processor.py:829} INFO - Processing file /opt/airflow/dags/loader_dag.py for tasks to queue
[2025-07-29T22:52:09.115+0000] {logging_mixin.py:151} INFO - [2025-07-29T22:52:09.115+0000] {dagbag.py:539} INFO - Filling up the DagBag from /opt/airflow/dags/loader_dag.py
[2025-07-29T22:52:09.127+0000] {processor.py:839} INFO - DAG(s) dict_keys(['dimension_batch_ingestion']) retrieved from /opt/airflow/dags/loader_dag.py
[2025-07-29T22:52:09.144+0000] {logging_mixin.py:151} INFO - [2025-07-29T22:52:09.144+0000] {dag.py:2915} INFO - Sync 1 DAGs
[2025-07-29T22:52:09.222+0000] {logging_mixin.py:151} INFO - [2025-07-29T22:52:09.222+0000] {dag.py:3696} INFO - Setting next_dagrun for dimension_batch_ingestion to 2025-07-29T00:00:00+00:00, run_after=2025-07-30T00:00:00+00:00
[2025-07-29T22:52:09.228+0000] {processor.py:179} INFO - Processing /opt/airflow/dags/loader_dag.py took 0.118 seconds
[2025-07-29T22:52:36.376+0000] {processor.py:157} INFO - Started process (PID=1397) to work on /opt/airflow/dags/loader_dag.py
[2025-07-29T22:52:36.377+0000] {processor.py:829} INFO - Processing file /opt/airflow/dags/loader_dag.py for tasks to queue
[2025-07-29T22:52:36.379+0000] {logging_mixin.py:151} INFO - [2025-07-29T22:52:36.378+0000] {dagbag.py:539} INFO - Filling up the DagBag from /opt/airflow/dags/loader_dag.py
[2025-07-29T22:52:36.412+0000] {processor.py:839} INFO - DAG(s) dict_keys(['dimension_batch_ingestion']) retrieved from /opt/airflow/dags/loader_dag.py
[2025-07-29T22:52:36.609+0000] {logging_mixin.py:151} INFO - [2025-07-29T22:52:36.609+0000] {security.py:708} INFO - Not syncing DAG-level permissions for DAG 'DAG:dimension_batch_ingestion' as access control is unset.
[2025-07-29T22:52:36.609+0000] {logging_mixin.py:151} INFO - [2025-07-29T22:52:36.609+0000] {dag.py:2915} INFO - Sync 1 DAGs
[2025-07-29T22:52:36.617+0000] {logging_mixin.py:151} INFO - [2025-07-29T22:52:36.617+0000] {dag.py:3696} INFO - Setting next_dagrun for dimension_batch_ingestion to 2025-07-29T00:00:00+00:00, run_after=2025-07-30T00:00:00+00:00
[2025-07-29T22:52:36.625+0000] {processor.py:179} INFO - Processing /opt/airflow/dags/loader_dag.py took 0.257 seconds
[2025-07-29T22:53:07.492+0000] {processor.py:157} INFO - Started process (PID=1455) to work on /opt/airflow/dags/loader_dag.py
[2025-07-29T22:53:07.493+0000] {processor.py:829} INFO - Processing file /opt/airflow/dags/loader_dag.py for tasks to queue
[2025-07-29T22:53:07.494+0000] {logging_mixin.py:151} INFO - [2025-07-29T22:53:07.494+0000] {dagbag.py:539} INFO - Filling up the DagBag from /opt/airflow/dags/loader_dag.py
[2025-07-29T22:53:07.506+0000] {processor.py:839} INFO - DAG(s) dict_keys(['dimension_batch_ingestion']) retrieved from /opt/airflow/dags/loader_dag.py
[2025-07-29T22:53:07.523+0000] {logging_mixin.py:151} INFO - [2025-07-29T22:53:07.523+0000] {dag.py:2915} INFO - Sync 1 DAGs
[2025-07-29T22:53:07.533+0000] {logging_mixin.py:151} INFO - [2025-07-29T22:53:07.533+0000] {dag.py:3696} INFO - Setting next_dagrun for dimension_batch_ingestion to 2025-07-29T00:00:00+00:00, run_after=2025-07-30T00:00:00+00:00
[2025-07-29T22:53:07.540+0000] {processor.py:179} INFO - Processing /opt/airflow/dags/loader_dag.py took 0.052 seconds
[2025-07-29T22:53:38.219+0000] {processor.py:157} INFO - Started process (PID=1502) to work on /opt/airflow/dags/loader_dag.py
[2025-07-29T22:53:38.220+0000] {processor.py:829} INFO - Processing file /opt/airflow/dags/loader_dag.py for tasks to queue
[2025-07-29T22:53:38.220+0000] {logging_mixin.py:151} INFO - [2025-07-29T22:53:38.220+0000] {dagbag.py:539} INFO - Filling up the DagBag from /opt/airflow/dags/loader_dag.py
[2025-07-29T22:53:38.236+0000] {processor.py:839} INFO - DAG(s) dict_keys(['dimension_batch_ingestion']) retrieved from /opt/airflow/dags/loader_dag.py
[2025-07-29T22:53:38.269+0000] {logging_mixin.py:151} INFO - [2025-07-29T22:53:38.269+0000] {dag.py:2915} INFO - Sync 1 DAGs
[2025-07-29T22:53:38.281+0000] {logging_mixin.py:151} INFO - [2025-07-29T22:53:38.281+0000] {dag.py:3696} INFO - Setting next_dagrun for dimension_batch_ingestion to 2025-07-29T00:00:00+00:00, run_after=2025-07-30T00:00:00+00:00
[2025-07-29T22:53:38.288+0000] {processor.py:179} INFO - Processing /opt/airflow/dags/loader_dag.py took 0.074 seconds
[2025-07-29T22:54:09.015+0000] {processor.py:157} INFO - Started process (PID=1549) to work on /opt/airflow/dags/loader_dag.py
[2025-07-29T22:54:09.016+0000] {processor.py:829} INFO - Processing file /opt/airflow/dags/loader_dag.py for tasks to queue
[2025-07-29T22:54:09.017+0000] {logging_mixin.py:151} INFO - [2025-07-29T22:54:09.017+0000] {dagbag.py:539} INFO - Filling up the DagBag from /opt/airflow/dags/loader_dag.py
[2025-07-29T22:54:09.030+0000] {processor.py:839} INFO - DAG(s) dict_keys(['dimension_batch_ingestion']) retrieved from /opt/airflow/dags/loader_dag.py
[2025-07-29T22:54:09.048+0000] {logging_mixin.py:151} INFO - [2025-07-29T22:54:09.048+0000] {dag.py:2915} INFO - Sync 1 DAGs
[2025-07-29T22:54:09.122+0000] {logging_mixin.py:151} INFO - [2025-07-29T22:54:09.122+0000] {dag.py:3696} INFO - Setting next_dagrun for dimension_batch_ingestion to 2025-07-29T00:00:00+00:00, run_after=2025-07-30T00:00:00+00:00
[2025-07-29T22:54:09.127+0000] {processor.py:179} INFO - Processing /opt/airflow/dags/loader_dag.py took 0.117 seconds
[2025-07-29T22:54:39.819+0000] {processor.py:157} INFO - Started process (PID=1596) to work on /opt/airflow/dags/loader_dag.py
[2025-07-29T22:54:39.820+0000] {processor.py:829} INFO - Processing file /opt/airflow/dags/loader_dag.py for tasks to queue
[2025-07-29T22:54:39.821+0000] {logging_mixin.py:151} INFO - [2025-07-29T22:54:39.821+0000] {dagbag.py:539} INFO - Filling up the DagBag from /opt/airflow/dags/loader_dag.py
[2025-07-29T22:54:39.837+0000] {processor.py:839} INFO - DAG(s) dict_keys(['dimension_batch_ingestion']) retrieved from /opt/airflow/dags/loader_dag.py
[2025-07-29T22:54:39.854+0000] {logging_mixin.py:151} INFO - [2025-07-29T22:54:39.854+0000] {dag.py:2915} INFO - Sync 1 DAGs
[2025-07-29T22:54:39.946+0000] {logging_mixin.py:151} INFO - [2025-07-29T22:54:39.946+0000] {dag.py:3696} INFO - Setting next_dagrun for dimension_batch_ingestion to 2025-07-29T00:00:00+00:00, run_after=2025-07-30T00:00:00+00:00
[2025-07-29T22:54:39.951+0000] {processor.py:179} INFO - Processing /opt/airflow/dags/loader_dag.py took 0.136 seconds
[2025-07-29T22:55:10.686+0000] {processor.py:157} INFO - Started process (PID=1643) to work on /opt/airflow/dags/loader_dag.py
[2025-07-29T22:55:10.687+0000] {processor.py:829} INFO - Processing file /opt/airflow/dags/loader_dag.py for tasks to queue
[2025-07-29T22:55:10.688+0000] {logging_mixin.py:151} INFO - [2025-07-29T22:55:10.688+0000] {dagbag.py:539} INFO - Filling up the DagBag from /opt/airflow/dags/loader_dag.py
[2025-07-29T22:55:10.703+0000] {processor.py:839} INFO - DAG(s) dict_keys(['dimension_batch_ingestion']) retrieved from /opt/airflow/dags/loader_dag.py
[2025-07-29T22:55:10.724+0000] {logging_mixin.py:151} INFO - [2025-07-29T22:55:10.724+0000] {dag.py:2915} INFO - Sync 1 DAGs
[2025-07-29T22:55:10.735+0000] {logging_mixin.py:151} INFO - [2025-07-29T22:55:10.735+0000] {dag.py:3696} INFO - Setting next_dagrun for dimension_batch_ingestion to 2025-07-29T00:00:00+00:00, run_after=2025-07-30T00:00:00+00:00
[2025-07-29T22:55:10.742+0000] {processor.py:179} INFO - Processing /opt/airflow/dags/loader_dag.py took 0.060 seconds
[2025-07-29T22:55:41.714+0000] {processor.py:157} INFO - Started process (PID=1707) to work on /opt/airflow/dags/loader_dag.py
[2025-07-29T22:55:41.715+0000] {processor.py:829} INFO - Processing file /opt/airflow/dags/loader_dag.py for tasks to queue
[2025-07-29T22:55:41.716+0000] {logging_mixin.py:151} INFO - [2025-07-29T22:55:41.716+0000] {dagbag.py:539} INFO - Filling up the DagBag from /opt/airflow/dags/loader_dag.py
[2025-07-29T22:55:41.728+0000] {processor.py:839} INFO - DAG(s) dict_keys(['dimension_batch_ingestion']) retrieved from /opt/airflow/dags/loader_dag.py
[2025-07-29T22:55:41.744+0000] {logging_mixin.py:151} INFO - [2025-07-29T22:55:41.744+0000] {dag.py:2915} INFO - Sync 1 DAGs
[2025-07-29T22:55:41.754+0000] {logging_mixin.py:151} INFO - [2025-07-29T22:55:41.754+0000] {dag.py:3696} INFO - Setting next_dagrun for dimension_batch_ingestion to 2025-07-29T00:00:00+00:00, run_after=2025-07-30T00:00:00+00:00
[2025-07-29T22:55:41.761+0000] {processor.py:179} INFO - Processing /opt/airflow/dags/loader_dag.py took 0.051 seconds
[2025-07-29T22:56:11.812+0000] {processor.py:157} INFO - Started process (PID=1754) to work on /opt/airflow/dags/loader_dag.py
[2025-07-29T22:56:11.814+0000] {processor.py:829} INFO - Processing file /opt/airflow/dags/loader_dag.py for tasks to queue
[2025-07-29T22:56:11.814+0000] {logging_mixin.py:151} INFO - [2025-07-29T22:56:11.814+0000] {dagbag.py:539} INFO - Filling up the DagBag from /opt/airflow/dags/loader_dag.py
[2025-07-29T22:56:11.826+0000] {processor.py:839} INFO - DAG(s) dict_keys(['dimension_batch_ingestion']) retrieved from /opt/airflow/dags/loader_dag.py
[2025-07-29T22:56:11.843+0000] {logging_mixin.py:151} INFO - [2025-07-29T22:56:11.843+0000] {dag.py:2915} INFO - Sync 1 DAGs
[2025-07-29T22:56:11.925+0000] {logging_mixin.py:151} INFO - [2025-07-29T22:56:11.925+0000] {dag.py:3696} INFO - Setting next_dagrun for dimension_batch_ingestion to 2025-07-29T00:00:00+00:00, run_after=2025-07-30T00:00:00+00:00
[2025-07-29T22:56:11.931+0000] {processor.py:179} INFO - Processing /opt/airflow/dags/loader_dag.py took 0.123 seconds
[2025-07-29T22:56:42.634+0000] {processor.py:157} INFO - Started process (PID=1804) to work on /opt/airflow/dags/loader_dag.py
[2025-07-29T22:56:42.635+0000] {processor.py:829} INFO - Processing file /opt/airflow/dags/loader_dag.py for tasks to queue
[2025-07-29T22:56:42.635+0000] {logging_mixin.py:151} INFO - [2025-07-29T22:56:42.635+0000] {dagbag.py:539} INFO - Filling up the DagBag from /opt/airflow/dags/loader_dag.py
[2025-07-29T22:56:42.643+0000] {processor.py:839} INFO - DAG(s) dict_keys(['dimension_batch_ingestion']) retrieved from /opt/airflow/dags/loader_dag.py
[2025-07-29T22:56:42.659+0000] {logging_mixin.py:151} INFO - [2025-07-29T22:56:42.659+0000] {dag.py:2915} INFO - Sync 1 DAGs
[2025-07-29T22:56:42.762+0000] {logging_mixin.py:151} INFO - [2025-07-29T22:56:42.762+0000] {dag.py:3696} INFO - Setting next_dagrun for dimension_batch_ingestion to 2025-07-29T00:00:00+00:00, run_after=2025-07-30T00:00:00+00:00
[2025-07-29T22:56:42.768+0000] {processor.py:179} INFO - Processing /opt/airflow/dags/loader_dag.py took 0.136 seconds
[2025-07-29T22:57:13.502+0000] {processor.py:157} INFO - Started process (PID=1863) to work on /opt/airflow/dags/loader_dag.py
[2025-07-29T22:57:13.503+0000] {processor.py:829} INFO - Processing file /opt/airflow/dags/loader_dag.py for tasks to queue
[2025-07-29T22:57:13.504+0000] {logging_mixin.py:151} INFO - [2025-07-29T22:57:13.504+0000] {dagbag.py:539} INFO - Filling up the DagBag from /opt/airflow/dags/loader_dag.py
[2025-07-29T22:57:13.517+0000] {processor.py:839} INFO - DAG(s) dict_keys(['dimension_batch_ingestion']) retrieved from /opt/airflow/dags/loader_dag.py
[2025-07-29T22:57:13.535+0000] {logging_mixin.py:151} INFO - [2025-07-29T22:57:13.535+0000] {dag.py:2915} INFO - Sync 1 DAGs
[2025-07-29T22:57:13.545+0000] {logging_mixin.py:151} INFO - [2025-07-29T22:57:13.545+0000] {dag.py:3696} INFO - Setting next_dagrun for dimension_batch_ingestion to 2025-07-29T00:00:00+00:00, run_after=2025-07-30T00:00:00+00:00
[2025-07-29T22:57:13.553+0000] {processor.py:179} INFO - Processing /opt/airflow/dags/loader_dag.py took 0.056 seconds
[2025-07-29T22:57:43.678+0000] {processor.py:157} INFO - Started process (PID=1910) to work on /opt/airflow/dags/loader_dag.py
[2025-07-29T22:57:43.679+0000] {processor.py:829} INFO - Processing file /opt/airflow/dags/loader_dag.py for tasks to queue
[2025-07-29T22:57:43.679+0000] {logging_mixin.py:151} INFO - [2025-07-29T22:57:43.679+0000] {dagbag.py:539} INFO - Filling up the DagBag from /opt/airflow/dags/loader_dag.py
[2025-07-29T22:57:43.692+0000] {processor.py:839} INFO - DAG(s) dict_keys(['dimension_batch_ingestion']) retrieved from /opt/airflow/dags/loader_dag.py
[2025-07-29T22:57:43.707+0000] {logging_mixin.py:151} INFO - [2025-07-29T22:57:43.707+0000] {dag.py:2915} INFO - Sync 1 DAGs
[2025-07-29T22:57:43.716+0000] {logging_mixin.py:151} INFO - [2025-07-29T22:57:43.716+0000] {dag.py:3696} INFO - Setting next_dagrun for dimension_batch_ingestion to 2025-07-29T00:00:00+00:00, run_after=2025-07-30T00:00:00+00:00
[2025-07-29T22:57:43.724+0000] {processor.py:179} INFO - Processing /opt/airflow/dags/loader_dag.py took 0.050 seconds
[2025-07-29T22:58:14.427+0000] {processor.py:157} INFO - Started process (PID=1957) to work on /opt/airflow/dags/loader_dag.py
[2025-07-29T22:58:14.428+0000] {processor.py:829} INFO - Processing file /opt/airflow/dags/loader_dag.py for tasks to queue
[2025-07-29T22:58:14.429+0000] {logging_mixin.py:151} INFO - [2025-07-29T22:58:14.429+0000] {dagbag.py:539} INFO - Filling up the DagBag from /opt/airflow/dags/loader_dag.py
[2025-07-29T22:58:14.441+0000] {processor.py:839} INFO - DAG(s) dict_keys(['dimension_batch_ingestion']) retrieved from /opt/airflow/dags/loader_dag.py
[2025-07-29T22:58:14.459+0000] {logging_mixin.py:151} INFO - [2025-07-29T22:58:14.458+0000] {dag.py:2915} INFO - Sync 1 DAGs
[2025-07-29T22:58:14.534+0000] {logging_mixin.py:151} INFO - [2025-07-29T22:58:14.534+0000] {dag.py:3696} INFO - Setting next_dagrun for dimension_batch_ingestion to 2025-07-29T00:00:00+00:00, run_after=2025-07-30T00:00:00+00:00
[2025-07-29T22:58:14.540+0000] {processor.py:179} INFO - Processing /opt/airflow/dags/loader_dag.py took 0.117 seconds
[2025-07-29T22:58:45.305+0000] {processor.py:157} INFO - Started process (PID=2004) to work on /opt/airflow/dags/loader_dag.py
[2025-07-29T22:58:45.306+0000] {processor.py:829} INFO - Processing file /opt/airflow/dags/loader_dag.py for tasks to queue
[2025-07-29T22:58:45.307+0000] {logging_mixin.py:151} INFO - [2025-07-29T22:58:45.306+0000] {dagbag.py:539} INFO - Filling up the DagBag from /opt/airflow/dags/loader_dag.py
[2025-07-29T22:58:45.318+0000] {processor.py:839} INFO - DAG(s) dict_keys(['dimension_batch_ingestion']) retrieved from /opt/airflow/dags/loader_dag.py
[2025-07-29T22:58:45.335+0000] {logging_mixin.py:151} INFO - [2025-07-29T22:58:45.335+0000] {dag.py:2915} INFO - Sync 1 DAGs
[2025-07-29T22:58:45.418+0000] {logging_mixin.py:151} INFO - [2025-07-29T22:58:45.417+0000] {dag.py:3696} INFO - Setting next_dagrun for dimension_batch_ingestion to 2025-07-29T00:00:00+00:00, run_after=2025-07-30T00:00:00+00:00
[2025-07-29T22:58:45.423+0000] {processor.py:179} INFO - Processing /opt/airflow/dags/loader_dag.py took 0.123 seconds
[2025-07-29T22:59:16.128+0000] {processor.py:157} INFO - Started process (PID=2051) to work on /opt/airflow/dags/loader_dag.py
[2025-07-29T22:59:16.129+0000] {processor.py:829} INFO - Processing file /opt/airflow/dags/loader_dag.py for tasks to queue
[2025-07-29T22:59:16.129+0000] {logging_mixin.py:151} INFO - [2025-07-29T22:59:16.129+0000] {dagbag.py:539} INFO - Filling up the DagBag from /opt/airflow/dags/loader_dag.py
[2025-07-29T22:59:16.141+0000] {processor.py:839} INFO - DAG(s) dict_keys(['dimension_batch_ingestion']) retrieved from /opt/airflow/dags/loader_dag.py
[2025-07-29T22:59:16.159+0000] {logging_mixin.py:151} INFO - [2025-07-29T22:59:16.159+0000] {dag.py:2915} INFO - Sync 1 DAGs
[2025-07-29T22:59:16.173+0000] {logging_mixin.py:151} INFO - [2025-07-29T22:59:16.173+0000] {dag.py:3696} INFO - Setting next_dagrun for dimension_batch_ingestion to 2025-07-29T00:00:00+00:00, run_after=2025-07-30T00:00:00+00:00
[2025-07-29T22:59:16.184+0000] {processor.py:179} INFO - Processing /opt/airflow/dags/loader_dag.py took 0.059 seconds
[2025-07-29T22:59:46.234+0000] {processor.py:157} INFO - Started process (PID=2098) to work on /opt/airflow/dags/loader_dag.py
[2025-07-29T22:59:46.235+0000] {processor.py:829} INFO - Processing file /opt/airflow/dags/loader_dag.py for tasks to queue
[2025-07-29T22:59:46.235+0000] {logging_mixin.py:151} INFO - [2025-07-29T22:59:46.235+0000] {dagbag.py:539} INFO - Filling up the DagBag from /opt/airflow/dags/loader_dag.py
[2025-07-29T22:59:46.251+0000] {processor.py:839} INFO - DAG(s) dict_keys(['dimension_batch_ingestion']) retrieved from /opt/airflow/dags/loader_dag.py
[2025-07-29T22:59:46.270+0000] {logging_mixin.py:151} INFO - [2025-07-29T22:59:46.270+0000] {dag.py:2915} INFO - Sync 1 DAGs
[2025-07-29T22:59:46.283+0000] {logging_mixin.py:151} INFO - [2025-07-29T22:59:46.282+0000] {dag.py:3696} INFO - Setting next_dagrun for dimension_batch_ingestion to 2025-07-29T00:00:00+00:00, run_after=2025-07-30T00:00:00+00:00
[2025-07-29T22:59:46.290+0000] {processor.py:179} INFO - Processing /opt/airflow/dags/loader_dag.py took 0.061 seconds
[2025-07-29T23:00:16.785+0000] {processor.py:157} INFO - Started process (PID=2145) to work on /opt/airflow/dags/loader_dag.py
[2025-07-29T23:00:16.786+0000] {processor.py:829} INFO - Processing file /opt/airflow/dags/loader_dag.py for tasks to queue
[2025-07-29T23:00:16.787+0000] {logging_mixin.py:151} INFO - [2025-07-29T23:00:16.787+0000] {dagbag.py:539} INFO - Filling up the DagBag from /opt/airflow/dags/loader_dag.py
[2025-07-29T23:00:16.798+0000] {processor.py:839} INFO - DAG(s) dict_keys(['dimension_batch_ingestion']) retrieved from /opt/airflow/dags/loader_dag.py
[2025-07-29T23:00:16.813+0000] {logging_mixin.py:151} INFO - [2025-07-29T23:00:16.813+0000] {dag.py:2915} INFO - Sync 1 DAGs
[2025-07-29T23:00:16.906+0000] {logging_mixin.py:151} INFO - [2025-07-29T23:00:16.906+0000] {dag.py:3696} INFO - Setting next_dagrun for dimension_batch_ingestion to 2025-07-29T00:00:00+00:00, run_after=2025-07-30T00:00:00+00:00
[2025-07-29T23:00:16.912+0000] {processor.py:179} INFO - Processing /opt/airflow/dags/loader_dag.py took 0.131 seconds
