[2025-07-28T22:46:55.123+0000] {taskinstance.py:1157} INFO - Dependencies all met for dep_context=non-requeueable deps ti=<TaskInstance: transaction_facts_generator.generate_txn_fact_data scheduled__2025-03-16T00:00:00+00:00 [queued]>
[2025-07-28T22:46:55.144+0000] {taskinstance.py:1157} INFO - Dependencies all met for dep_context=requeueable deps ti=<TaskInstance: transaction_facts_generator.generate_txn_fact_data scheduled__2025-03-16T00:00:00+00:00 [queued]>
[2025-07-28T22:46:55.146+0000] {taskinstance.py:1359} INFO - Starting attempt 1 of 1
[2025-07-28T22:46:55.200+0000] {taskinstance.py:1380} INFO - Executing <Task(KafkaProduceOperator): generate_txn_fact_data> on 2025-03-16 00:00:00+00:00
[2025-07-28T22:46:55.213+0000] {standard_task_runner.py:57} INFO - Started process 260 to run task
[2025-07-28T22:46:55.221+0000] {standard_task_runner.py:84} INFO - Running: ['***', 'tasks', 'run', 'transaction_facts_generator', 'generate_txn_fact_data', 'scheduled__2025-03-16T00:00:00+00:00', '--job-id', '419', '--raw', '--subdir', 'DAGS_FOLDER/transaction_facts_generator.py', '--cfg-path', '/tmp/tmpgeuzlt53']
[2025-07-28T22:46:55.227+0000] {standard_task_runner.py:85} INFO - Job 419: Subtask generate_txn_fact_data
[2025-07-28T22:46:55.344+0000] {task_command.py:415} INFO - Running <TaskInstance: transaction_facts_generator.generate_txn_fact_data scheduled__2025-03-16T00:00:00+00:00 [running]> on host 3d064542141b
[2025-07-28T22:46:55.486+0000] {taskinstance.py:1660} INFO - Exporting env vars: AIRFLOW_CTX_DAG_OWNER='GGCODE' AIRFLOW_CTX_DAG_ID='transaction_facts_generator' AIRFLOW_CTX_TASK_ID='generate_txn_fact_data' AIRFLOW_CTX_EXECUTION_DATE='2025-03-16T00:00:00+00:00' AIRFLOW_CTX_TRY_NUMBER='1' AIRFLOW_CTX_DAG_RUN_ID='scheduled__2025-03-16T00:00:00+00:00'
[2025-07-28T22:46:55.495+0000] {conn.py:396} INFO - <BrokerConnection client_id=kafka-python-producer-1, node_id=bootstrap-0 host=kafka_broker:9092 <connecting> [IPv4 ('172.19.0.3', 9092)]>: connecting to kafka_broker:9092 [('172.19.0.3', 9092) IPv4]
[2025-07-28T22:46:55.498+0000] {conn.py:618} INFO - <BrokerConnection client_id=kafka-python-producer-1, node_id=bootstrap-0 host=kafka_broker:9092 <checking_api_versions_recv> [IPv4 ('172.19.0.3', 9092)]>: Broker version identified as 2.5
[2025-07-28T22:46:55.498+0000] {conn.py:457} INFO - <BrokerConnection client_id=kafka-python-producer-1, node_id=bootstrap-0 host=kafka_broker:9092 <connected> [IPv4 ('172.19.0.3', 9092)]>: Connection complete.
[2025-07-28T22:46:55.612+0000] {conn.py:396} INFO - <BrokerConnection client_id=kafka-python-producer-1, node_id=0 host=kafka_broker:9092 <connecting> [IPv4 ('172.19.0.3', 9092)]>: connecting to kafka_broker:9092 [('172.19.0.3', 9092) IPv4]
[2025-07-28T22:46:55.614+0000] {conn.py:457} INFO - <BrokerConnection client_id=kafka-python-producer-1, node_id=0 host=kafka_broker:9092 <connected> [IPv4 ('172.19.0.3', 9092)]>: Connection complete.
[2025-07-28T22:46:55.616+0000] {conn.py:945} INFO - <BrokerConnection client_id=kafka-python-producer-1, node_id=bootstrap-0 host=kafka_broker:9092 <connected> [IPv4 ('172.19.0.3', 9092)]>: Closing connection. 
[2025-07-28T22:46:55.626+0000] {kafka_operator.py:55} INFO - Sent transaction {'transaction_id': 'T000001', 'transaction_date': 1748472415503, 'account_id': 'A00071', 'customer_id': 'C00054', 'transaction_type': 'Deposit', 'currency': 'EUR', 'branch_id': 'B00056', 'transaction_amount': 71988.04, 'exchange_rate': 0.5413}
[2025-07-28T22:46:55.629+0000] {sender.py:471} WARNING - <Sender client_id=kafka-python-producer-1 transactional_id=None>: Got error produce response on topic-partition ('transaction_facts', 0), retrying (inf attempts left). Error: <class 'kafka.errors.NotLeaderForPartitionError'>
[2025-07-28T22:46:55.630+0000] {kafka_operator.py:55} INFO - Sent transaction {'transaction_id': 'T000002', 'transaction_date': 1747262815629, 'account_id': 'A00015', 'customer_id': 'C00043', 'transaction_type': 'Credit', 'currency': 'GBP', 'branch_id': 'B00060', 'transaction_amount': 50655.58, 'exchange_rate': 1.2859}
[2025-07-28T22:46:55.633+0000] {kafka_operator.py:55} INFO - Sent transaction {'transaction_id': 'T000003', 'transaction_date': 1747954015632, 'account_id': 'A00030', 'customer_id': 'C00045', 'transaction_type': 'Debit', 'currency': 'EUR', 'branch_id': 'B00059', 'transaction_amount': 62901.88, 'exchange_rate': 0.6308}
[2025-07-28T22:46:55.634+0000] {kafka_operator.py:55} INFO - Sent transaction {'transaction_id': 'T000004', 'transaction_date': 1741992415634, 'account_id': 'A00060', 'customer_id': 'C00028', 'transaction_type': 'Withdraw', 'currency': 'EUR', 'branch_id': 'B00091', 'transaction_amount': 3263.25, 'exchange_rate': 1.0248}
[2025-07-28T22:46:55.634+0000] {kafka_operator.py:55} INFO - Sent transaction {'transaction_id': 'T000005', 'transaction_date': 1730933215634, 'account_id': 'A00061', 'customer_id': 'C00074', 'transaction_type': 'Transfer', 'currency': 'USD', 'branch_id': 'B00076', 'transaction_amount': 72032.15, 'exchange_rate': 0.9854}
[2025-07-28T22:46:55.636+0000] {kafka_operator.py:55} INFO - Sent transaction {'transaction_id': 'T000006', 'transaction_date': 1729723615635, 'account_id': 'A00061', 'customer_id': 'C00087', 'transaction_type': 'Transfer', 'currency': 'GBP', 'branch_id': 'B00046', 'transaction_amount': 39745.86, 'exchange_rate': 1.3839}
[2025-07-28T22:46:55.636+0000] {kafka_operator.py:55} INFO - Sent transaction {'transaction_id': 'T000007', 'transaction_date': 1722466015636, 'account_id': 'A00073', 'customer_id': 'C00048', 'transaction_type': 'Credit', 'currency': 'EUR', 'branch_id': 'B00060', 'transaction_amount': 81206.61, 'exchange_rate': 0.5471}
[2025-07-28T22:46:55.636+0000] {kafka_operator.py:55} INFO - Sent transaction {'transaction_id': 'T000008', 'transaction_date': 1751496415636, 'account_id': 'A00091', 'customer_id': 'C00088', 'transaction_type': 'Withdraw', 'currency': 'USD', 'branch_id': 'B00060', 'transaction_amount': 54690.27, 'exchange_rate': 0.0603}
[2025-07-28T22:46:55.637+0000] {kafka_operator.py:55} INFO - Sent transaction {'transaction_id': 'T000009', 'transaction_date': 1737240415636, 'account_id': 'A00095', 'customer_id': 'C00088', 'transaction_type': 'Deposit', 'currency': 'EUR', 'branch_id': 'B00021', 'transaction_amount': 91551.71, 'exchange_rate': 0.9837}
[2025-07-28T22:46:55.637+0000] {kafka_operator.py:55} INFO - Sent transaction {'transaction_id': 'T000010', 'transaction_date': 1738709215637, 'account_id': 'A00056', 'customer_id': 'C00043', 'transaction_type': 'Transfer', 'currency': 'GBP', 'branch_id': 'B00020', 'transaction_amount': 12987.35, 'exchange_rate': 0.7154}
[2025-07-28T22:46:55.638+0000] {kafka_operator.py:55} INFO - Sent transaction {'transaction_id': 'T000011', 'transaction_date': 1722552415638, 'account_id': 'A00009', 'customer_id': 'C00018', 'transaction_type': 'Credit', 'currency': 'GBP', 'branch_id': 'B00075', 'transaction_amount': 81640.77, 'exchange_rate': 0.1516}
[2025-07-28T22:46:55.638+0000] {kafka_operator.py:55} INFO - Sent transaction {'transaction_id': 'T000012', 'transaction_date': 1736981215638, 'account_id': 'A00039', 'customer_id': 'C00020', 'transaction_type': 'Transfer', 'currency': 'USD', 'branch_id': 'B00024', 'transaction_amount': 64734.5, 'exchange_rate': 1.2185}
[2025-07-28T22:46:55.640+0000] {kafka_operator.py:55} INFO - Sent transaction {'transaction_id': 'T000013', 'transaction_date': 1735512415640, 'account_id': 'A00037', 'customer_id': 'C00012', 'transaction_type': 'Debit', 'currency': 'GBP', 'branch_id': 'B00089', 'transaction_amount': 35389.28, 'exchange_rate': 0.257}
[2025-07-28T22:46:55.642+0000] {kafka_operator.py:55} INFO - Sent transaction {'transaction_id': 'T000014', 'transaction_date': 1740610015642, 'account_id': 'A00035', 'customer_id': 'C00039', 'transaction_type': 'Deposit', 'currency': 'EUR', 'branch_id': 'B00017', 'transaction_amount': 7834.16, 'exchange_rate': 1.2412}
[2025-07-28T22:46:55.646+0000] {kafka_operator.py:55} INFO - Sent transaction {'transaction_id': 'T000015', 'transaction_date': 1751064415645, 'account_id': 'A00058', 'customer_id': 'C00071', 'transaction_type': 'Debit', 'currency': 'USD', 'branch_id': 'B00009', 'transaction_amount': 29398.5, 'exchange_rate': 0.2757}
[2025-07-28T22:46:55.647+0000] {kafka_operator.py:55} INFO - Sent transaction {'transaction_id': 'T000016', 'transaction_date': 1725662815647, 'account_id': 'A00007', 'customer_id': 'C00100', 'transaction_type': 'Withdraw', 'currency': 'GBP', 'branch_id': 'B00031', 'transaction_amount': 57117.1, 'exchange_rate': 0.2515}
[2025-07-28T22:46:55.647+0000] {kafka_operator.py:55} INFO - Sent transaction {'transaction_id': 'T000017', 'transaction_date': 1742856415647, 'account_id': 'A00004', 'customer_id': 'C00015', 'transaction_type': 'Credit', 'currency': 'USD', 'branch_id': 'B00030', 'transaction_amount': 75116.48, 'exchange_rate': 0.5724}
[2025-07-28T22:46:55.648+0000] {kafka_operator.py:55} INFO - Sent transaction {'transaction_id': 'T000018', 'transaction_date': 1728946015648, 'account_id': 'A00032', 'customer_id': 'C00054', 'transaction_type': 'Deposit', 'currency': 'USD', 'branch_id': 'B00045', 'transaction_amount': 47479.21, 'exchange_rate': 0.6131}
[2025-07-28T22:46:55.649+0000] {kafka_operator.py:55} INFO - Sent transaction {'transaction_id': 'T000019', 'transaction_date': 1722725215649, 'account_id': 'A00003', 'customer_id': 'C00093', 'transaction_type': 'Credit', 'currency': 'USD', 'branch_id': 'B00009', 'transaction_amount': 54621.42, 'exchange_rate': 1.4489}
[2025-07-28T22:46:55.651+0000] {kafka_operator.py:55} INFO - Sent transaction {'transaction_id': 'T000020', 'transaction_date': 1752533215650, 'account_id': 'A00021', 'customer_id': 'C00035', 'transaction_type': 'Deposit', 'currency': 'EUR', 'branch_id': 'B00097', 'transaction_amount': 38612.37, 'exchange_rate': 0.9898}
[2025-07-28T22:46:55.651+0000] {kafka_operator.py:55} INFO - Sent transaction {'transaction_id': 'T000021', 'transaction_date': 1753483615651, 'account_id': 'A00072', 'customer_id': 'C00074', 'transaction_type': 'Transfer', 'currency': 'EUR', 'branch_id': 'B00075', 'transaction_amount': 95541.11, 'exchange_rate': 1.4309}
[2025-07-28T22:46:55.652+0000] {kafka_operator.py:55} INFO - Sent transaction {'transaction_id': 'T000022', 'transaction_date': 1748558815652, 'account_id': 'A00053', 'customer_id': 'C00074', 'transaction_type': 'Deposit', 'currency': 'GBP', 'branch_id': 'B00016', 'transaction_amount': 69114.31, 'exchange_rate': 0.3103}
[2025-07-28T22:46:55.652+0000] {kafka_operator.py:55} INFO - Sent transaction {'transaction_id': 'T000023', 'transaction_date': 1746830815652, 'account_id': 'A00070', 'customer_id': 'C00085', 'transaction_type': 'Transfer', 'currency': 'GBP', 'branch_id': 'B00041', 'transaction_amount': 27424.79, 'exchange_rate': 0.0285}
[2025-07-28T22:46:55.653+0000] {kafka_operator.py:55} INFO - Sent transaction {'transaction_id': 'T000024', 'transaction_date': 1727131615653, 'account_id': 'A00016', 'customer_id': 'C00089', 'transaction_type': 'Debit', 'currency': 'USD', 'branch_id': 'B00046', 'transaction_amount': 87815.72, 'exchange_rate': 0.6674}
[2025-07-28T22:46:55.654+0000] {kafka_operator.py:55} INFO - Sent transaction {'transaction_id': 'T000025', 'transaction_date': 1730501215654, 'account_id': 'A00020', 'customer_id': 'C00023', 'transaction_type': 'Debit', 'currency': 'EUR', 'branch_id': 'B00054', 'transaction_amount': 5438.19, 'exchange_rate': 1.45}
[2025-07-28T22:46:55.655+0000] {kafka_operator.py:55} INFO - Sent transaction {'transaction_id': 'T000026', 'transaction_date': 1743461215655, 'account_id': 'A00019', 'customer_id': 'C00014', 'transaction_type': 'Debit', 'currency': 'USD', 'branch_id': 'B00001', 'transaction_amount': 99224.03, 'exchange_rate': 1.2761}
[2025-07-28T22:46:55.655+0000] {kafka_operator.py:55} INFO - Sent transaction {'transaction_id': 'T000027', 'transaction_date': 1728600415655, 'account_id': 'A00022', 'customer_id': 'C00001', 'transaction_type': 'Credit', 'currency': 'EUR', 'branch_id': 'B00035', 'transaction_amount': 89331.67, 'exchange_rate': 0.4695}
[2025-07-28T22:46:55.656+0000] {kafka_operator.py:55} INFO - Sent transaction {'transaction_id': 'T000028', 'transaction_date': 1731451615656, 'account_id': 'A00074', 'customer_id': 'C00014', 'transaction_type': 'Withdraw', 'currency': 'GBP', 'branch_id': 'B00015', 'transaction_amount': 7973.99, 'exchange_rate': 0.0648}
[2025-07-28T22:46:55.657+0000] {kafka_operator.py:55} INFO - Sent transaction {'transaction_id': 'T000029', 'transaction_date': 1734130015657, 'account_id': 'A00047', 'customer_id': 'C00062', 'transaction_type': 'Transfer', 'currency': 'EUR', 'branch_id': 'B00011', 'transaction_amount': 92778.36, 'exchange_rate': 1.2188}
[2025-07-28T22:46:55.658+0000] {kafka_operator.py:55} INFO - Sent transaction {'transaction_id': 'T000030', 'transaction_date': 1724366815657, 'account_id': 'A00050', 'customer_id': 'C00048', 'transaction_type': 'Credit', 'currency': 'USD', 'branch_id': 'B00093', 'transaction_amount': 29506.44, 'exchange_rate': 0.8755}
[2025-07-28T22:46:55.659+0000] {kafka_operator.py:55} INFO - Sent transaction {'transaction_id': 'T000031', 'transaction_date': 1749422815659, 'account_id': 'A00048', 'customer_id': 'C00018', 'transaction_type': 'Transfer', 'currency': 'EUR', 'branch_id': 'B00013', 'transaction_amount': 15484.47, 'exchange_rate': 0.2519}
[2025-07-28T22:46:55.660+0000] {kafka_operator.py:55} INFO - Sent transaction {'transaction_id': 'T000032', 'transaction_date': 1735685215660, 'account_id': 'A00004', 'customer_id': 'C00067', 'transaction_type': 'Debit', 'currency': 'EUR', 'branch_id': 'B00079', 'transaction_amount': 49733.76, 'exchange_rate': 1.3058}
[2025-07-28T22:46:55.661+0000] {kafka_operator.py:55} INFO - Sent transaction {'transaction_id': 'T000033', 'transaction_date': 1724021215661, 'account_id': 'A00074', 'customer_id': 'C00040', 'transaction_type': 'Transfer', 'currency': 'EUR', 'branch_id': 'B00005', 'transaction_amount': 902.78, 'exchange_rate': 0.7163}
[2025-07-28T22:46:55.663+0000] {kafka_operator.py:55} INFO - Sent transaction {'transaction_id': 'T000034', 'transaction_date': 1724971615663, 'account_id': 'A00073', 'customer_id': 'C00007', 'transaction_type': 'Deposit', 'currency': 'EUR', 'branch_id': 'B00028', 'transaction_amount': 20049.81, 'exchange_rate': 0.3702}
[2025-07-28T22:46:55.665+0000] {kafka_operator.py:55} INFO - Sent transaction {'transaction_id': 'T000035', 'transaction_date': 1730069215665, 'account_id': 'A00064', 'customer_id': 'C00054', 'transaction_type': 'Withdraw', 'currency': 'EUR', 'branch_id': 'B00061', 'transaction_amount': 9278.16, 'exchange_rate': 0.8819}
[2025-07-28T22:46:55.666+0000] {kafka_operator.py:55} INFO - Sent transaction {'transaction_id': 'T000036', 'transaction_date': 1728600415666, 'account_id': 'A00046', 'customer_id': 'C00053', 'transaction_type': 'Transfer', 'currency': 'USD', 'branch_id': 'B00053', 'transaction_amount': 35862.24, 'exchange_rate': 1.1268}
[2025-07-28T22:46:55.669+0000] {kafka_operator.py:55} INFO - Sent transaction {'transaction_id': 'T000037', 'transaction_date': 1736981215667, 'account_id': 'A00042', 'customer_id': 'C00049', 'transaction_type': 'Debit', 'currency': 'GBP', 'branch_id': 'B00047', 'transaction_amount': 92582.66, 'exchange_rate': 1.1584}
[2025-07-28T22:46:55.670+0000] {kafka_operator.py:55} INFO - Sent transaction {'transaction_id': 'T000038', 'transaction_date': 1738018015670, 'account_id': 'A00040', 'customer_id': 'C00056', 'transaction_type': 'Transfer', 'currency': 'EUR', 'branch_id': 'B00042', 'transaction_amount': 59538.73, 'exchange_rate': 0.7811}
[2025-07-28T22:46:55.672+0000] {kafka_operator.py:55} INFO - Sent transaction {'transaction_id': 'T000039', 'transaction_date': 1751928415672, 'account_id': 'A00058', 'customer_id': 'C00023', 'transaction_type': 'Deposit', 'currency': 'EUR', 'branch_id': 'B00001', 'transaction_amount': 3402.01, 'exchange_rate': 1.4571}
[2025-07-28T22:46:55.673+0000] {kafka_operator.py:55} INFO - Sent transaction {'transaction_id': 'T000040', 'transaction_date': 1748904415673, 'account_id': 'A00072', 'customer_id': 'C00057', 'transaction_type': 'Debit', 'currency': 'EUR', 'branch_id': 'B00045', 'transaction_amount': 13204.46, 'exchange_rate': 1.0291}
[2025-07-28T22:46:55.674+0000] {kafka_operator.py:55} INFO - Sent transaction {'transaction_id': 'T000041', 'transaction_date': 1740955615674, 'account_id': 'A00046', 'customer_id': 'C00005', 'transaction_type': 'Deposit', 'currency': 'GBP', 'branch_id': 'B00002', 'transaction_amount': 80472.69, 'exchange_rate': 1.3262}
[2025-07-28T22:46:55.674+0000] {kafka_operator.py:55} INFO - Sent transaction {'transaction_id': 'T000042', 'transaction_date': 1723589215674, 'account_id': 'A00006', 'customer_id': 'C00048', 'transaction_type': 'Transfer', 'currency': 'EUR', 'branch_id': 'B00046', 'transaction_amount': 49412.68, 'exchange_rate': 1.4642}
[2025-07-28T22:46:55.675+0000] {kafka_operator.py:55} INFO - Sent transaction {'transaction_id': 'T000043', 'transaction_date': 1722898015675, 'account_id': 'A00017', 'customer_id': 'C00088', 'transaction_type': 'Withdraw', 'currency': 'USD', 'branch_id': 'B00057', 'transaction_amount': 51047.54, 'exchange_rate': 0.0653}
[2025-07-28T22:46:55.676+0000] {kafka_operator.py:55} INFO - Sent transaction {'transaction_id': 'T000044', 'transaction_date': 1753742815676, 'account_id': 'A00030', 'customer_id': 'C00092', 'transaction_type': 'Debit', 'currency': 'GBP', 'branch_id': 'B00061', 'transaction_amount': 60117.18, 'exchange_rate': 0.1066}
[2025-07-28T22:46:55.677+0000] {kafka_operator.py:55} INFO - Sent transaction {'transaction_id': 'T000045', 'transaction_date': 1753051615677, 'account_id': 'A00060', 'customer_id': 'C00100', 'transaction_type': 'Deposit', 'currency': 'EUR', 'branch_id': 'B00077', 'transaction_amount': 12256.92, 'exchange_rate': 1.3808}
[2025-07-28T22:46:55.677+0000] {kafka_operator.py:55} INFO - Sent transaction {'transaction_id': 'T000046', 'transaction_date': 1732747615677, 'account_id': 'A00095', 'customer_id': 'C00073', 'transaction_type': 'Deposit', 'currency': 'USD', 'branch_id': 'B00012', 'transaction_amount': 84816.21, 'exchange_rate': 1.3249}
[2025-07-28T22:46:55.678+0000] {kafka_operator.py:55} INFO - Sent transaction {'transaction_id': 'T000047', 'transaction_date': 1737499615678, 'account_id': 'A00086', 'customer_id': 'C00014', 'transaction_type': 'Transfer', 'currency': 'GBP', 'branch_id': 'B00017', 'transaction_amount': 9246.4, 'exchange_rate': 1.0042}
[2025-07-28T22:46:55.679+0000] {kafka_operator.py:55} INFO - Sent transaction {'transaction_id': 'T000048', 'transaction_date': 1746485215679, 'account_id': 'A00037', 'customer_id': 'C00069', 'transaction_type': 'Credit', 'currency': 'USD', 'branch_id': 'B00037', 'transaction_amount': 86760.3, 'exchange_rate': 1.2811}
[2025-07-28T22:46:55.679+0000] {kafka_operator.py:55} INFO - Sent transaction {'transaction_id': 'T000049', 'transaction_date': 1724194015679, 'account_id': 'A00043', 'customer_id': 'C00026', 'transaction_type': 'Debit', 'currency': 'GBP', 'branch_id': 'B00027', 'transaction_amount': 66364.5, 'exchange_rate': 0.5914}
[2025-07-28T22:46:55.680+0000] {kafka_operator.py:55} INFO - Sent transaction {'transaction_id': 'T000050', 'transaction_date': 1733179615680, 'account_id': 'A00006', 'customer_id': 'C00011', 'transaction_type': 'Withdraw', 'currency': 'GBP', 'branch_id': 'B00095', 'transaction_amount': 96005.39, 'exchange_rate': 1.4491}
[2025-07-28T22:46:55.681+0000] {kafka_operator.py:55} INFO - Sent transaction {'transaction_id': 'T000051', 'transaction_date': 1744843615681, 'account_id': 'A00061', 'customer_id': 'C00056', 'transaction_type': 'Deposit', 'currency': 'GBP', 'branch_id': 'B00067', 'transaction_amount': 45584.22, 'exchange_rate': 1.206}
[2025-07-28T22:46:55.682+0000] {kafka_operator.py:55} INFO - Sent transaction {'transaction_id': 'T000052', 'transaction_date': 1750200415682, 'account_id': 'A00000', 'customer_id': 'C00100', 'transaction_type': 'Transfer', 'currency': 'EUR', 'branch_id': 'B00060', 'transaction_amount': 85949.3, 'exchange_rate': 1.321}
[2025-07-28T22:46:55.683+0000] {kafka_operator.py:55} INFO - Sent transaction {'transaction_id': 'T000053', 'transaction_date': 1736549215683, 'account_id': 'A00090', 'customer_id': 'C00070', 'transaction_type': 'Withdraw', 'currency': 'GBP', 'branch_id': 'B00050', 'transaction_amount': 16975.16, 'exchange_rate': 0.3237}
[2025-07-28T22:46:55.683+0000] {kafka_operator.py:55} INFO - Sent transaction {'transaction_id': 'T000054', 'transaction_date': 1741560415683, 'account_id': 'A00024', 'customer_id': 'C00042', 'transaction_type': 'Transfer', 'currency': 'USD', 'branch_id': 'B00002', 'transaction_amount': 38728.2, 'exchange_rate': 0.6943}
[2025-07-28T22:46:55.684+0000] {kafka_operator.py:55} INFO - Sent transaction {'transaction_id': 'T000055', 'transaction_date': 1731538015684, 'account_id': 'A00032', 'customer_id': 'C00036', 'transaction_type': 'Credit', 'currency': 'USD', 'branch_id': 'B00035', 'transaction_amount': 89493.57, 'exchange_rate': 1.0873}
[2025-07-28T22:46:55.684+0000] {kafka_operator.py:55} INFO - Sent transaction {'transaction_id': 'T000056', 'transaction_date': 1752965215684, 'account_id': 'A00000', 'customer_id': 'C00053', 'transaction_type': 'Transfer', 'currency': 'GBP', 'branch_id': 'B00076', 'transaction_amount': 80037.41, 'exchange_rate': 1.119}
[2025-07-28T22:46:55.685+0000] {kafka_operator.py:55} INFO - Sent transaction {'transaction_id': 'T000057', 'transaction_date': 1731710815685, 'account_id': 'A00060', 'customer_id': 'C00049', 'transaction_type': 'Withdraw', 'currency': 'USD', 'branch_id': 'B00027', 'transaction_amount': 34185.29, 'exchange_rate': 1.2789}
[2025-07-28T22:46:55.686+0000] {kafka_operator.py:55} INFO - Sent transaction {'transaction_id': 'T000058', 'transaction_date': 1726872415686, 'account_id': 'A00057', 'customer_id': 'C00000', 'transaction_type': 'Debit', 'currency': 'EUR', 'branch_id': 'B00087', 'transaction_amount': 31002.33, 'exchange_rate': 1.176}
[2025-07-28T22:46:55.686+0000] {kafka_operator.py:55} INFO - Sent transaction {'transaction_id': 'T000059', 'transaction_date': 1741387615686, 'account_id': 'A00053', 'customer_id': 'C00049', 'transaction_type': 'Withdraw', 'currency': 'USD', 'branch_id': 'B00089', 'transaction_amount': 61256.55, 'exchange_rate': 0.0524}
[2025-07-28T22:46:55.687+0000] {kafka_operator.py:55} INFO - Sent transaction {'transaction_id': 'T000060', 'transaction_date': 1725576415687, 'account_id': 'A00014', 'customer_id': 'C00085', 'transaction_type': 'Debit', 'currency': 'GBP', 'branch_id': 'B00057', 'transaction_amount': 4765.51, 'exchange_rate': 0.0336}
[2025-07-28T22:46:55.688+0000] {kafka_operator.py:55} INFO - Sent transaction {'transaction_id': 'T000061', 'transaction_date': 1730414815688, 'account_id': 'A00012', 'customer_id': 'C00037', 'transaction_type': 'Credit', 'currency': 'USD', 'branch_id': 'B00013', 'transaction_amount': 24040.64, 'exchange_rate': 0.1684}
[2025-07-28T22:46:55.688+0000] {kafka_operator.py:55} INFO - Sent transaction {'transaction_id': 'T000062', 'transaction_date': 1723934815688, 'account_id': 'A00033', 'customer_id': 'C00082', 'transaction_type': 'Deposit', 'currency': 'USD', 'branch_id': 'B00058', 'transaction_amount': 96061.55, 'exchange_rate': 0.3353}
[2025-07-28T22:46:55.689+0000] {kafka_operator.py:55} INFO - Sent transaction {'transaction_id': 'T000063', 'transaction_date': 1738968415689, 'account_id': 'A00024', 'customer_id': 'C00054', 'transaction_type': 'Deposit', 'currency': 'USD', 'branch_id': 'B00017', 'transaction_amount': 42765.24, 'exchange_rate': 1.4499}
[2025-07-28T22:46:55.690+0000] {kafka_operator.py:55} INFO - Sent transaction {'transaction_id': 'T000064', 'transaction_date': 1747090015690, 'account_id': 'A00025', 'customer_id': 'C00034', 'transaction_type': 'Debit', 'currency': 'EUR', 'branch_id': 'B00027', 'transaction_amount': 14327.76, 'exchange_rate': 0.363}
[2025-07-28T22:46:55.691+0000] {kafka_operator.py:55} INFO - Sent transaction {'transaction_id': 'T000065', 'transaction_date': 1728946015690, 'account_id': 'A00085', 'customer_id': 'C00028', 'transaction_type': 'Deposit', 'currency': 'USD', 'branch_id': 'B00086', 'transaction_amount': 15760.92, 'exchange_rate': 0.6494}
[2025-07-28T22:46:55.692+0000] {kafka_operator.py:55} INFO - Sent transaction {'transaction_id': 'T000066', 'transaction_date': 1733266015691, 'account_id': 'A00093', 'customer_id': 'C00043', 'transaction_type': 'Transfer', 'currency': 'EUR', 'branch_id': 'B00065', 'transaction_amount': 80597.27, 'exchange_rate': 0.5911}
[2025-07-28T22:46:55.695+0000] {kafka_operator.py:55} INFO - Sent transaction {'transaction_id': 'T000067', 'transaction_date': 1748731615694, 'account_id': 'A00046', 'customer_id': 'C00079', 'transaction_type': 'Deposit', 'currency': 'EUR', 'branch_id': 'B00054', 'transaction_amount': 19011.35, 'exchange_rate': 1.3665}
[2025-07-28T22:46:55.695+0000] {kafka_operator.py:55} INFO - Sent transaction {'transaction_id': 'T000068', 'transaction_date': 1733438815695, 'account_id': 'A00010', 'customer_id': 'C00100', 'transaction_type': 'Deposit', 'currency': 'GBP', 'branch_id': 'B00031', 'transaction_amount': 75075.88, 'exchange_rate': 0.0643}
[2025-07-28T22:46:55.696+0000] {kafka_operator.py:55} INFO - Sent transaction {'transaction_id': 'T000069', 'transaction_date': 1735253215696, 'account_id': 'A00026', 'customer_id': 'C00100', 'transaction_type': 'Debit', 'currency': 'GBP', 'branch_id': 'B00005', 'transaction_amount': 93037.58, 'exchange_rate': 0.7958}
[2025-07-28T22:46:55.697+0000] {kafka_operator.py:55} INFO - Sent transaction {'transaction_id': 'T000070', 'transaction_date': 1740955615696, 'account_id': 'A00063', 'customer_id': 'C00086', 'transaction_type': 'Withdraw', 'currency': 'USD', 'branch_id': 'B00096', 'transaction_amount': 92300.67, 'exchange_rate': 0.8254}
[2025-07-28T22:46:55.697+0000] {kafka_operator.py:55} INFO - Sent transaction {'transaction_id': 'T000071', 'transaction_date': 1753138015697, 'account_id': 'A00016', 'customer_id': 'C00071', 'transaction_type': 'Withdraw', 'currency': 'EUR', 'branch_id': 'B00007', 'transaction_amount': 52735.4, 'exchange_rate': 0.4132}
[2025-07-28T22:46:55.698+0000] {kafka_operator.py:55} INFO - Sent transaction {'transaction_id': 'T000072', 'transaction_date': 1727822815697, 'account_id': 'A00043', 'customer_id': 'C00006', 'transaction_type': 'Transfer', 'currency': 'GBP', 'branch_id': 'B00023', 'transaction_amount': 1367.21, 'exchange_rate': 0.1554}
[2025-07-28T22:46:55.699+0000] {kafka_operator.py:55} INFO - Sent transaction {'transaction_id': 'T000073', 'transaction_date': 1728773215699, 'account_id': 'A00031', 'customer_id': 'C00069', 'transaction_type': 'Credit', 'currency': 'USD', 'branch_id': 'B00094', 'transaction_amount': 23966.46, 'exchange_rate': 1.4319}
[2025-07-28T22:46:55.701+0000] {kafka_operator.py:55} INFO - Sent transaction {'transaction_id': 'T000074', 'transaction_date': 1745189215700, 'account_id': 'A00049', 'customer_id': 'C00037', 'transaction_type': 'Credit', 'currency': 'GBP', 'branch_id': 'B00027', 'transaction_amount': 35791.34, 'exchange_rate': 1.3637}
[2025-07-28T22:46:55.705+0000] {kafka_operator.py:55} INFO - Sent transaction {'transaction_id': 'T000075', 'transaction_date': 1752274015705, 'account_id': 'A00025', 'customer_id': 'C00010', 'transaction_type': 'Deposit', 'currency': 'EUR', 'branch_id': 'B00020', 'transaction_amount': 73879.07, 'exchange_rate': 0.5651}
[2025-07-28T22:46:55.709+0000] {kafka_operator.py:55} INFO - Sent transaction {'transaction_id': 'T000076', 'transaction_date': 1733266015709, 'account_id': 'A00003', 'customer_id': 'C00079', 'transaction_type': 'Credit', 'currency': 'USD', 'branch_id': 'B00059', 'transaction_amount': 85831.82, 'exchange_rate': 0.1329}
[2025-07-28T22:46:55.710+0000] {kafka_operator.py:55} INFO - Sent transaction {'transaction_id': 'T000077', 'transaction_date': 1739659615710, 'account_id': 'A00092', 'customer_id': 'C00100', 'transaction_type': 'Transfer', 'currency': 'EUR', 'branch_id': 'B00069', 'transaction_amount': 80239.96, 'exchange_rate': 0.3088}
[2025-07-28T22:46:55.711+0000] {kafka_operator.py:55} INFO - Sent transaction {'transaction_id': 'T000078', 'transaction_date': 1728946015711, 'account_id': 'A00030', 'customer_id': 'C00066', 'transaction_type': 'Transfer', 'currency': 'GBP', 'branch_id': 'B00015', 'transaction_amount': 80507.75, 'exchange_rate': 1.2084}
[2025-07-28T22:46:55.712+0000] {kafka_operator.py:55} INFO - Sent transaction {'transaction_id': 'T000079', 'transaction_date': 1753397215712, 'account_id': 'A00071', 'customer_id': 'C00075', 'transaction_type': 'Credit', 'currency': 'USD', 'branch_id': 'B00069', 'transaction_amount': 46307.18, 'exchange_rate': 1.0113}
[2025-07-28T22:46:55.712+0000] {kafka_operator.py:55} INFO - Sent transaction {'transaction_id': 'T000080', 'transaction_date': 1748904415712, 'account_id': 'A00088', 'customer_id': 'C00029', 'transaction_type': 'Deposit', 'currency': 'USD', 'branch_id': 'B00014', 'transaction_amount': 9833.0, 'exchange_rate': 1.3771}
[2025-07-28T22:46:55.713+0000] {kafka_operator.py:55} INFO - Sent transaction {'transaction_id': 'T000081', 'transaction_date': 1731970015713, 'account_id': 'A00050', 'customer_id': 'C00060', 'transaction_type': 'Deposit', 'currency': 'EUR', 'branch_id': 'B00100', 'transaction_amount': 4259.26, 'exchange_rate': 0.896}
[2025-07-28T22:46:55.719+0000] {kafka_operator.py:55} INFO - Sent transaction {'transaction_id': 'T000082', 'transaction_date': 1733006815718, 'account_id': 'A00099', 'customer_id': 'C00064', 'transaction_type': 'Debit', 'currency': 'GBP', 'branch_id': 'B00069', 'transaction_amount': 8669.08, 'exchange_rate': 0.5863}
[2025-07-28T22:46:55.727+0000] {kafka_operator.py:55} INFO - Sent transaction {'transaction_id': 'T000083', 'transaction_date': 1726786015727, 'account_id': 'A00057', 'customer_id': 'C00049', 'transaction_type': 'Deposit', 'currency': 'EUR', 'branch_id': 'B00047', 'transaction_amount': 36444.87, 'exchange_rate': 0.404}
[2025-07-28T22:46:55.732+0000] {kafka_operator.py:55} INFO - Sent transaction {'transaction_id': 'T000084', 'transaction_date': 1726872415732, 'account_id': 'A00027', 'customer_id': 'C00025', 'transaction_type': 'Debit', 'currency': 'USD', 'branch_id': 'B00019', 'transaction_amount': 9413.08, 'exchange_rate': 0.6473}
[2025-07-28T22:46:55.734+0000] {kafka_operator.py:55} INFO - Sent transaction {'transaction_id': 'T000085', 'transaction_date': 1742856415733, 'account_id': 'A00031', 'customer_id': 'C00046', 'transaction_type': 'Debit', 'currency': 'GBP', 'branch_id': 'B00069', 'transaction_amount': 23046.63, 'exchange_rate': 1.3891}
[2025-07-28T22:46:55.736+0000] {kafka_operator.py:55} INFO - Sent transaction {'transaction_id': 'T000086', 'transaction_date': 1728341215736, 'account_id': 'A00079', 'customer_id': 'C00077', 'transaction_type': 'Transfer', 'currency': 'GBP', 'branch_id': 'B00069', 'transaction_amount': 80832.14, 'exchange_rate': 1.4514}
[2025-07-28T22:46:55.737+0000] {kafka_operator.py:55} INFO - Sent transaction {'transaction_id': 'T000087', 'transaction_date': 1733870815737, 'account_id': 'A00082', 'customer_id': 'C00009', 'transaction_type': 'Debit', 'currency': 'GBP', 'branch_id': 'B00017', 'transaction_amount': 83318.56, 'exchange_rate': 1.3688}
[2025-07-28T22:46:55.738+0000] {kafka_operator.py:55} INFO - Sent transaction {'transaction_id': 'T000088', 'transaction_date': 1748818015737, 'account_id': 'A00011', 'customer_id': 'C00093', 'transaction_type': 'Deposit', 'currency': 'GBP', 'branch_id': 'B00100', 'transaction_amount': 8800.24, 'exchange_rate': 0.3146}
[2025-07-28T22:46:55.738+0000] {kafka_operator.py:55} INFO - Sent transaction {'transaction_id': 'T000089', 'transaction_date': 1746226015738, 'account_id': 'A00037', 'customer_id': 'C00095', 'transaction_type': 'Deposit', 'currency': 'GBP', 'branch_id': 'B00054', 'transaction_amount': 44103.4, 'exchange_rate': 0.3509}
[2025-07-28T22:46:55.739+0000] {kafka_operator.py:55} INFO - Sent transaction {'transaction_id': 'T000090', 'transaction_date': 1750027615739, 'account_id': 'A00060', 'customer_id': 'C00016', 'transaction_type': 'Debit', 'currency': 'USD', 'branch_id': 'B00017', 'transaction_amount': 57926.93, 'exchange_rate': 0.9593}
[2025-07-28T22:46:55.737+0000] {sender.py:471} WARNING - <Sender client_id=kafka-python-producer-1 transactional_id=None>: Got error produce response on topic-partition ('transaction_facts', 0), retrying (inf attempts left). Error: <class 'kafka.errors.NotLeaderForPartitionError'>
[2025-07-28T22:46:55.740+0000] {sender.py:471} WARNING - <Sender client_id=kafka-python-producer-1 transactional_id=None>: Got error produce response on topic-partition ('transaction_facts', 0), retrying (inf attempts left). Error: <class 'kafka.errors.NotLeaderForPartitionError'>
[2025-07-28T22:46:55.740+0000] {kafka_operator.py:55} INFO - Sent transaction {'transaction_id': 'T000091', 'transaction_date': 1745448415739, 'account_id': 'A00017', 'customer_id': 'C00046', 'transaction_type': 'Withdraw', 'currency': 'USD', 'branch_id': 'B00059', 'transaction_amount': 74648.29, 'exchange_rate': 0.9652}
[2025-07-28T22:46:55.741+0000] {kafka_operator.py:55} INFO - Sent transaction {'transaction_id': 'T000092', 'transaction_date': 1743115615741, 'account_id': 'A00078', 'customer_id': 'C00025', 'transaction_type': 'Debit', 'currency': 'USD', 'branch_id': 'B00044', 'transaction_amount': 80984.17, 'exchange_rate': 0.5214}
[2025-07-28T22:46:55.743+0000] {kafka_operator.py:55} INFO - Sent transaction {'transaction_id': 'T000093', 'transaction_date': 1750805215743, 'account_id': 'A00038', 'customer_id': 'C00086', 'transaction_type': 'Transfer', 'currency': 'USD', 'branch_id': 'B00027', 'transaction_amount': 46156.65, 'exchange_rate': 0.4183}
[2025-07-28T22:46:55.745+0000] {kafka_operator.py:55} INFO - Sent transaction {'transaction_id': 'T000094', 'transaction_date': 1744498015744, 'account_id': 'A00069', 'customer_id': 'C00012', 'transaction_type': 'Debit', 'currency': 'USD', 'branch_id': 'B00017', 'transaction_amount': 47440.14, 'exchange_rate': 0.5587}
[2025-07-28T22:46:55.747+0000] {kafka_operator.py:55} INFO - Sent transaction {'transaction_id': 'T000095', 'transaction_date': 1725662815746, 'account_id': 'A00057', 'customer_id': 'C00083', 'transaction_type': 'Transfer', 'currency': 'USD', 'branch_id': 'B00044', 'transaction_amount': 29643.4, 'exchange_rate': 0.7097}
[2025-07-28T22:46:55.750+0000] {kafka_operator.py:55} INFO - Sent transaction {'transaction_id': 'T000096', 'transaction_date': 1748126815749, 'account_id': 'A00096', 'customer_id': 'C00078', 'transaction_type': 'Debit', 'currency': 'USD', 'branch_id': 'B00063', 'transaction_amount': 18051.57, 'exchange_rate': 0.8586}
[2025-07-28T22:46:55.751+0000] {kafka_operator.py:55} INFO - Sent transaction {'transaction_id': 'T000097', 'transaction_date': 1742770015751, 'account_id': 'A00052', 'customer_id': 'C00023', 'transaction_type': 'Transfer', 'currency': 'GBP', 'branch_id': 'B00100', 'transaction_amount': 82348.32, 'exchange_rate': 0.7041}
[2025-07-28T22:46:55.752+0000] {kafka_operator.py:55} INFO - Sent transaction {'transaction_id': 'T000098', 'transaction_date': 1727477215752, 'account_id': 'A00051', 'customer_id': 'C00029', 'transaction_type': 'Debit', 'currency': 'EUR', 'branch_id': 'B00067', 'transaction_amount': 51498.23, 'exchange_rate': 0.0849}
[2025-07-28T22:46:55.753+0000] {kafka_operator.py:55} INFO - Sent transaction {'transaction_id': 'T000099', 'transaction_date': 1741387615753, 'account_id': 'A00016', 'customer_id': 'C00025', 'transaction_type': 'Credit', 'currency': 'GBP', 'branch_id': 'B00052', 'transaction_amount': 42025.34, 'exchange_rate': 0.9871}
[2025-07-28T22:46:55.754+0000] {kafka_operator.py:55} INFO - Sent transaction {'transaction_id': 'T000100', 'transaction_date': 1734907615754, 'account_id': 'A00044', 'customer_id': 'C00035', 'transaction_type': 'Debit', 'currency': 'USD', 'branch_id': 'B00054', 'transaction_amount': 15263.72, 'exchange_rate': 1.1778}
[2025-07-28T22:46:55.862+0000] {kafka_operator.py:58} INFO - 100 transactions sent has been sent to kafka transaction_facts!
[2025-07-28T22:46:55.866+0000] {conn.py:945} INFO - <BrokerConnection client_id=kafka-python-producer-1, node_id=0 host=kafka_broker:9092 <connected> [IPv4 ('172.19.0.3', 9092)]>: Closing connection. 
[2025-07-28T22:46:55.883+0000] {taskinstance.py:1398} INFO - Marking task as SUCCESS. dag_id=transaction_facts_generator, task_id=generate_txn_fact_data, execution_date=20250316T000000, start_date=20250728T224655, end_date=20250728T224655
[2025-07-28T22:46:55.992+0000] {local_task_job_runner.py:228} INFO - Task exited with return code 0
[2025-07-28T22:46:56.012+0000] {taskinstance.py:2776} INFO - 0 downstream tasks scheduled from follow-on schedule check
