[2025-07-29T22:55:39.444+0000] {taskinstance.py:1157} INFO - Dependencies all met for dep_context=non-requeueable deps ti=<TaskInstance: dimension_batch_ingestion.ingest_account_dim manual__2025-07-29T22:55:38.996193+00:00 [queued]>
[2025-07-29T22:55:39.449+0000] {taskinstance.py:1157} INFO - Dependencies all met for dep_context=requeueable deps ti=<TaskInstance: dimension_batch_ingestion.ingest_account_dim manual__2025-07-29T22:55:38.996193+00:00 [queued]>
[2025-07-29T22:55:39.449+0000] {taskinstance.py:1359} INFO - Starting attempt 1 of 1
[2025-07-29T22:55:39.456+0000] {taskinstance.py:1380} INFO - Executing <Task(BashOperator): ingest_account_dim> on 2025-07-29 22:55:38.996193+00:00
[2025-07-29T22:55:39.460+0000] {standard_task_runner.py:57} INFO - Started process 1700 to run task
[2025-07-29T22:55:39.462+0000] {standard_task_runner.py:84} INFO - Running: ['***', 'tasks', 'run', 'dimension_batch_ingestion', 'ingest_account_dim', 'manual__2025-07-29T22:55:38.996193+00:00', '--job-id', '910', '--raw', '--subdir', 'DAGS_FOLDER/loader_dag.py', '--cfg-path', '/tmp/tmpevp67m88']
[2025-07-29T22:55:39.464+0000] {standard_task_runner.py:85} INFO - Job 910: Subtask ingest_account_dim
[2025-07-29T22:55:39.487+0000] {task_command.py:415} INFO - Running <TaskInstance: dimension_batch_ingestion.ingest_account_dim manual__2025-07-29T22:55:38.996193+00:00 [running]> on host bec18a9c33c0
[2025-07-29T22:55:39.526+0000] {taskinstance.py:1660} INFO - Exporting env vars: AIRFLOW_CTX_DAG_OWNER='GGCODE' AIRFLOW_CTX_DAG_ID='dimension_batch_ingestion' AIRFLOW_CTX_TASK_ID='ingest_account_dim' AIRFLOW_CTX_EXECUTION_DATE='2025-07-29T22:55:38.996193+00:00' AIRFLOW_CTX_TRY_NUMBER='1' AIRFLOW_CTX_DAG_RUN_ID='manual__2025-07-29T22:55:38.996193+00:00'
[2025-07-29T22:55:39.527+0000] {subprocess.py:63} INFO - Tmp dir root location: /tmp
[2025-07-29T22:55:39.528+0000] {subprocess.py:75} INFO - Running command: ['/bin/bash', '-c', 'curl -X POST -F file=@/opt/***/account_dim_large_data.csv -H "Content-Type: multipart/form-data" "http://pinot-controller:9000/ingestFromFile?tableNameWithType=account_dim_OFFLINE&batchConfigMapStr=%7B%22inputFormat%22%3A%22csv%22%2C%22recordReader.prop.delimiter%22%3A%22%2C%22%7D"']
[2025-07-29T22:55:39.533+0000] {subprocess.py:86} INFO - Output:
[2025-07-29T22:55:39.538+0000] {subprocess.py:93} INFO -   % Total    % Received % Xferd  Average Speed   Time    Time     Time  Current
[2025-07-29T22:55:39.538+0000] {subprocess.py:93} INFO -                                  Dload  Upload   Total   Spent    Left  Speed
[2025-07-29T22:55:39.627+0000] {subprocess.py:93} INFO -   0     0    0     0    0     0      0      0 --:--:-- --:--:-- --:--:--     0100  2955  100   109  100  2846   1238  32340 --:--:-- --:--:-- --:--:-- 33579
[2025-07-29T22:55:39.628+0000] {subprocess.py:93} INFO - {"status":"Successfully ingested file into table: account_dim_OFFLINE as segment: account_dim_1753829739570"}
[2025-07-29T22:55:39.628+0000] {subprocess.py:97} INFO - Command exited with return code 0
[2025-07-29T22:55:39.644+0000] {taskinstance.py:1398} INFO - Marking task as SUCCESS. dag_id=dimension_batch_ingestion, task_id=ingest_account_dim, execution_date=20250729T225538, start_date=20250729T225539, end_date=20250729T225539
[2025-07-29T22:55:39.682+0000] {local_task_job_runner.py:228} INFO - Task exited with return code 0
[2025-07-29T22:55:39.693+0000] {taskinstance.py:2776} INFO - 0 downstream tasks scheduled from follow-on schedule check
