[2025-07-28T22:46:55.122+0000] {taskinstance.py:1157} INFO - Dependencies all met for dep_context=non-requeueable deps ti=<TaskInstance: transaction_facts_generator.generate_txn_fact_data scheduled__2025-03-15T00:00:00+00:00 [queued]>
[2025-07-28T22:46:55.143+0000] {taskinstance.py:1157} INFO - Dependencies all met for dep_context=requeueable deps ti=<TaskInstance: transaction_facts_generator.generate_txn_fact_data scheduled__2025-03-15T00:00:00+00:00 [queued]>
[2025-07-28T22:46:55.143+0000] {taskinstance.py:1359} INFO - Starting attempt 1 of 1
[2025-07-28T22:46:55.195+0000] {taskinstance.py:1380} INFO - Executing <Task(KafkaProduceOperator): generate_txn_fact_data> on 2025-03-15 00:00:00+00:00
[2025-07-28T22:46:55.202+0000] {standard_task_runner.py:57} INFO - Started process 254 to run task
[2025-07-28T22:46:55.215+0000] {standard_task_runner.py:84} INFO - Running: ['***', 'tasks', 'run', 'transaction_facts_generator', 'generate_txn_fact_data', 'scheduled__2025-03-15T00:00:00+00:00', '--job-id', '418', '--raw', '--subdir', 'DAGS_FOLDER/transaction_facts_generator.py', '--cfg-path', '/tmp/tmp69cj0k76']
[2025-07-28T22:46:55.221+0000] {standard_task_runner.py:85} INFO - Job 418: Subtask generate_txn_fact_data
[2025-07-28T22:46:55.324+0000] {task_command.py:415} INFO - Running <TaskInstance: transaction_facts_generator.generate_txn_fact_data scheduled__2025-03-15T00:00:00+00:00 [running]> on host 3d064542141b
[2025-07-28T22:46:55.459+0000] {taskinstance.py:1660} INFO - Exporting env vars: AIRFLOW_CTX_DAG_OWNER='GGCODE' AIRFLOW_CTX_DAG_ID='transaction_facts_generator' AIRFLOW_CTX_TASK_ID='generate_txn_fact_data' AIRFLOW_CTX_EXECUTION_DATE='2025-03-15T00:00:00+00:00' AIRFLOW_CTX_TRY_NUMBER='1' AIRFLOW_CTX_DAG_RUN_ID='scheduled__2025-03-15T00:00:00+00:00'
[2025-07-28T22:46:55.466+0000] {conn.py:396} INFO - <BrokerConnection client_id=kafka-python-producer-1, node_id=bootstrap-0 host=kafka_broker:9092 <connecting> [IPv4 ('172.19.0.3', 9092)]>: connecting to kafka_broker:9092 [('172.19.0.3', 9092) IPv4]
[2025-07-28T22:46:55.469+0000] {conn.py:618} INFO - <BrokerConnection client_id=kafka-python-producer-1, node_id=bootstrap-0 host=kafka_broker:9092 <checking_api_versions_recv> [IPv4 ('172.19.0.3', 9092)]>: Broker version identified as 2.5
[2025-07-28T22:46:55.470+0000] {conn.py:457} INFO - <BrokerConnection client_id=kafka-python-producer-1, node_id=bootstrap-0 host=kafka_broker:9092 <connected> [IPv4 ('172.19.0.3', 9092)]>: Connection complete.
[2025-07-28T22:46:55.576+0000] {conn.py:396} INFO - <BrokerConnection client_id=kafka-python-producer-1, node_id=0 host=kafka_broker:9092 <connecting> [IPv4 ('172.19.0.3', 9092)]>: connecting to kafka_broker:9092 [('172.19.0.3', 9092) IPv4]
[2025-07-28T22:46:55.580+0000] {conn.py:457} INFO - <BrokerConnection client_id=kafka-python-producer-1, node_id=0 host=kafka_broker:9092 <connected> [IPv4 ('172.19.0.3', 9092)]>: Connection complete.
[2025-07-28T22:46:55.580+0000] {conn.py:945} INFO - <BrokerConnection client_id=kafka-python-producer-1, node_id=bootstrap-0 host=kafka_broker:9092 <connected> [IPv4 ('172.19.0.3', 9092)]>: Closing connection. 
[2025-07-28T22:46:55.587+0000] {kafka_operator.py:55} INFO - Sent transaction {'transaction_id': 'T000001', 'transaction_date': 1724194015472, 'account_id': 'A00050', 'customer_id': 'C00042', 'transaction_type': 'Transfer', 'currency': 'USD', 'branch_id': 'B00090', 'transaction_amount': 82432.95, 'exchange_rate': 1.4698}
[2025-07-28T22:46:55.591+0000] {kafka_operator.py:55} INFO - Sent transaction {'transaction_id': 'T000002', 'transaction_date': 1736376415591, 'account_id': 'A00051', 'customer_id': 'C00045', 'transaction_type': 'Transfer', 'currency': 'USD', 'branch_id': 'B00094', 'transaction_amount': 1540.45, 'exchange_rate': 0.1314}
[2025-07-28T22:46:55.593+0000] {kafka_operator.py:55} INFO - Sent transaction {'transaction_id': 'T000003', 'transaction_date': 1723502815592, 'account_id': 'A00054', 'customer_id': 'C00006', 'transaction_type': 'Withdraw', 'currency': 'USD', 'branch_id': 'B00040', 'transaction_amount': 98657.86, 'exchange_rate': 0.6024}
[2025-07-28T22:46:55.597+0000] {kafka_operator.py:55} INFO - Sent transaction {'transaction_id': 'T000004', 'transaction_date': 1726267615597, 'account_id': 'A00044', 'customer_id': 'C00086', 'transaction_type': 'Transfer', 'currency': 'USD', 'branch_id': 'B00023', 'transaction_amount': 46563.13, 'exchange_rate': 1.3589}
[2025-07-28T22:46:55.603+0000] {sender.py:471} WARNING - <Sender client_id=kafka-python-producer-1 transactional_id=None>: Got error produce response on topic-partition ('transaction_facts', 0), retrying (inf attempts left). Error: <class 'kafka.errors.NotLeaderForPartitionError'>
[2025-07-28T22:46:55.610+0000] {sender.py:471} WARNING - <Sender client_id=kafka-python-producer-1 transactional_id=None>: Got error produce response on topic-partition ('transaction_facts', 0), retrying (inf attempts left). Error: <class 'kafka.errors.NotLeaderForPartitionError'>
[2025-07-28T22:46:55.606+0000] {kafka_operator.py:55} INFO - Sent transaction {'transaction_id': 'T000005', 'transaction_date': 1741560415605, 'account_id': 'A00007', 'customer_id': 'C00049', 'transaction_type': 'Credit', 'currency': 'EUR', 'branch_id': 'B00043', 'transaction_amount': 96071.46, 'exchange_rate': 1.4068}
[2025-07-28T22:46:55.612+0000] {kafka_operator.py:55} INFO - Sent transaction {'transaction_id': 'T000006', 'transaction_date': 1751237215612, 'account_id': 'A00073', 'customer_id': 'C00086', 'transaction_type': 'Withdraw', 'currency': 'GBP', 'branch_id': 'B00038', 'transaction_amount': 79781.75, 'exchange_rate': 0.1215}
[2025-07-28T22:46:55.612+0000] {sender.py:471} WARNING - <Sender client_id=kafka-python-producer-1 transactional_id=None>: Got error produce response on topic-partition ('transaction_facts', 0), retrying (inf attempts left). Error: <class 'kafka.errors.NotLeaderForPartitionError'>
[2025-07-28T22:46:55.613+0000] {kafka_operator.py:55} INFO - Sent transaction {'transaction_id': 'T000007', 'transaction_date': 1730587615613, 'account_id': 'A00000', 'customer_id': 'C00036', 'transaction_type': 'Deposit', 'currency': 'USD', 'branch_id': 'B00075', 'transaction_amount': 95740.83, 'exchange_rate': 0.8781}
[2025-07-28T22:46:55.615+0000] {kafka_operator.py:55} INFO - Sent transaction {'transaction_id': 'T000008', 'transaction_date': 1745966815615, 'account_id': 'A00016', 'customer_id': 'C00074', 'transaction_type': 'Withdraw', 'currency': 'EUR', 'branch_id': 'B00002', 'transaction_amount': 24761.66, 'exchange_rate': 0.1227}
[2025-07-28T22:46:55.621+0000] {kafka_operator.py:55} INFO - Sent transaction {'transaction_id': 'T000009', 'transaction_date': 1738277215618, 'account_id': 'A00024', 'customer_id': 'C00089', 'transaction_type': 'Deposit', 'currency': 'EUR', 'branch_id': 'B00052', 'transaction_amount': 54154.25, 'exchange_rate': 0.1667}
[2025-07-28T22:46:55.622+0000] {kafka_operator.py:55} INFO - Sent transaction {'transaction_id': 'T000010', 'transaction_date': 1752187615622, 'account_id': 'A00009', 'customer_id': 'C00021', 'transaction_type': 'Deposit', 'currency': 'USD', 'branch_id': 'B00048', 'transaction_amount': 81245.35, 'exchange_rate': 0.0033}
[2025-07-28T22:46:55.623+0000] {kafka_operator.py:55} INFO - Sent transaction {'transaction_id': 'T000011', 'transaction_date': 1731710815622, 'account_id': 'A00009', 'customer_id': 'C00013', 'transaction_type': 'Credit', 'currency': 'USD', 'branch_id': 'B00035', 'transaction_amount': 16432.63, 'exchange_rate': 1.4726}
[2025-07-28T22:46:55.624+0000] {kafka_operator.py:55} INFO - Sent transaction {'transaction_id': 'T000012', 'transaction_date': 1723416415624, 'account_id': 'A00057', 'customer_id': 'C00099', 'transaction_type': 'Deposit', 'currency': 'USD', 'branch_id': 'B00007', 'transaction_amount': 20096.79, 'exchange_rate': 0.9748}
[2025-07-28T22:46:55.627+0000] {kafka_operator.py:55} INFO - Sent transaction {'transaction_id': 'T000013', 'transaction_date': 1737499615627, 'account_id': 'A00021', 'customer_id': 'C00096', 'transaction_type': 'Debit', 'currency': 'GBP', 'branch_id': 'B00037', 'transaction_amount': 14611.65, 'exchange_rate': 0.8915}
[2025-07-28T22:46:55.630+0000] {kafka_operator.py:55} INFO - Sent transaction {'transaction_id': 'T000014', 'transaction_date': 1733006815629, 'account_id': 'A00020', 'customer_id': 'C00033', 'transaction_type': 'Credit', 'currency': 'EUR', 'branch_id': 'B00076', 'transaction_amount': 28711.81, 'exchange_rate': 1.3419}
[2025-07-28T22:46:55.632+0000] {kafka_operator.py:55} INFO - Sent transaction {'transaction_id': 'T000015', 'transaction_date': 1753310815632, 'account_id': 'A00022', 'customer_id': 'C00099', 'transaction_type': 'Deposit', 'currency': 'EUR', 'branch_id': 'B00064', 'transaction_amount': 86104.43, 'exchange_rate': 0.452}
[2025-07-28T22:46:55.636+0000] {kafka_operator.py:55} INFO - Sent transaction {'transaction_id': 'T000016', 'transaction_date': 1745275615635, 'account_id': 'A00028', 'customer_id': 'C00008', 'transaction_type': 'Transfer', 'currency': 'GBP', 'branch_id': 'B00028', 'transaction_amount': 35706.84, 'exchange_rate': 0.6812}
[2025-07-28T22:46:55.638+0000] {kafka_operator.py:55} INFO - Sent transaction {'transaction_id': 'T000017', 'transaction_date': 1736549215638, 'account_id': 'A00083', 'customer_id': 'C00029', 'transaction_type': 'Transfer', 'currency': 'GBP', 'branch_id': 'B00065', 'transaction_amount': 18345.76, 'exchange_rate': 0.9011}
[2025-07-28T22:46:55.640+0000] {kafka_operator.py:55} INFO - Sent transaction {'transaction_id': 'T000018', 'transaction_date': 1752965215639, 'account_id': 'A00095', 'customer_id': 'C00029', 'transaction_type': 'Withdraw', 'currency': 'EUR', 'branch_id': 'B00028', 'transaction_amount': 45332.1, 'exchange_rate': 1.4561}
[2025-07-28T22:46:55.641+0000] {kafka_operator.py:55} INFO - Sent transaction {'transaction_id': 'T000019', 'transaction_date': 1729378015641, 'account_id': 'A00047', 'customer_id': 'C00090', 'transaction_type': 'Debit', 'currency': 'EUR', 'branch_id': 'B00036', 'transaction_amount': 36054.54, 'exchange_rate': 0.0308}
[2025-07-28T22:46:55.645+0000] {kafka_operator.py:55} INFO - Sent transaction {'transaction_id': 'T000020', 'transaction_date': 1747090015643, 'account_id': 'A00052', 'customer_id': 'C00067', 'transaction_type': 'Withdraw', 'currency': 'EUR', 'branch_id': 'B00031', 'transaction_amount': 29528.59, 'exchange_rate': 0.7064}
[2025-07-28T22:46:55.645+0000] {kafka_operator.py:55} INFO - Sent transaction {'transaction_id': 'T000021', 'transaction_date': 1736808415645, 'account_id': 'A00051', 'customer_id': 'C00030', 'transaction_type': 'Credit', 'currency': 'USD', 'branch_id': 'B00006', 'transaction_amount': 88164.64, 'exchange_rate': 0.2951}
[2025-07-28T22:46:55.647+0000] {kafka_operator.py:55} INFO - Sent transaction {'transaction_id': 'T000022', 'transaction_date': 1751928415646, 'account_id': 'A00003', 'customer_id': 'C00076', 'transaction_type': 'Credit', 'currency': 'EUR', 'branch_id': 'B00006', 'transaction_amount': 61572.53, 'exchange_rate': 0.8103}
[2025-07-28T22:46:55.648+0000] {kafka_operator.py:55} INFO - Sent transaction {'transaction_id': 'T000023', 'transaction_date': 1740091615648, 'account_id': 'A00045', 'customer_id': 'C00044', 'transaction_type': 'Transfer', 'currency': 'EUR', 'branch_id': 'B00092', 'transaction_amount': 54518.99, 'exchange_rate': 0.5603}
[2025-07-28T22:46:55.648+0000] {kafka_operator.py:55} INFO - Sent transaction {'transaction_id': 'T000024', 'transaction_date': 1725490015648, 'account_id': 'A00048', 'customer_id': 'C00006', 'transaction_type': 'Transfer', 'currency': 'GBP', 'branch_id': 'B00052', 'transaction_amount': 26141.44, 'exchange_rate': 0.5471}
[2025-07-28T22:46:55.649+0000] {kafka_operator.py:55} INFO - Sent transaction {'transaction_id': 'T000025', 'transaction_date': 1733179615649, 'account_id': 'A00075', 'customer_id': 'C00078', 'transaction_type': 'Debit', 'currency': 'GBP', 'branch_id': 'B00065', 'transaction_amount': 33308.72, 'exchange_rate': 0.9695}
[2025-07-28T22:46:55.652+0000] {kafka_operator.py:55} INFO - Sent transaction {'transaction_id': 'T000026', 'transaction_date': 1732488415651, 'account_id': 'A00073', 'customer_id': 'C00054', 'transaction_type': 'Credit', 'currency': 'EUR', 'branch_id': 'B00056', 'transaction_amount': 1576.64, 'exchange_rate': 1.1746}
[2025-07-28T22:46:55.654+0000] {kafka_operator.py:55} INFO - Sent transaction {'transaction_id': 'T000027', 'transaction_date': 1746485215653, 'account_id': 'A00018', 'customer_id': 'C00048', 'transaction_type': 'Credit', 'currency': 'USD', 'branch_id': 'B00009', 'transaction_amount': 80234.16, 'exchange_rate': 0.8058}
[2025-07-28T22:46:55.655+0000] {kafka_operator.py:55} INFO - Sent transaction {'transaction_id': 'T000028', 'transaction_date': 1743893215655, 'account_id': 'A00100', 'customer_id': 'C00008', 'transaction_type': 'Deposit', 'currency': 'EUR', 'branch_id': 'B00081', 'transaction_amount': 61571.13, 'exchange_rate': 0.313}
[2025-07-28T22:46:55.655+0000] {kafka_operator.py:55} INFO - Sent transaction {'transaction_id': 'T000029', 'transaction_date': 1738882015655, 'account_id': 'A00017', 'customer_id': 'C00054', 'transaction_type': 'Deposit', 'currency': 'GBP', 'branch_id': 'B00073', 'transaction_amount': 40804.72, 'exchange_rate': 0.1864}
[2025-07-28T22:46:55.657+0000] {kafka_operator.py:55} INFO - Sent transaction {'transaction_id': 'T000030', 'transaction_date': 1730501215656, 'account_id': 'A00010', 'customer_id': 'C00086', 'transaction_type': 'Credit', 'currency': 'USD', 'branch_id': 'B00013', 'transaction_amount': 96066.33, 'exchange_rate': 0.2901}
[2025-07-28T22:46:55.657+0000] {kafka_operator.py:55} INFO - Sent transaction {'transaction_id': 'T000031', 'transaction_date': 1722552415657, 'account_id': 'A00062', 'customer_id': 'C00040', 'transaction_type': 'Transfer', 'currency': 'GBP', 'branch_id': 'B00011', 'transaction_amount': 7933.0, 'exchange_rate': 1.0523}
[2025-07-28T22:46:55.658+0000] {kafka_operator.py:55} INFO - Sent transaction {'transaction_id': 'T000032', 'transaction_date': 1731538015658, 'account_id': 'A00039', 'customer_id': 'C00026', 'transaction_type': 'Withdraw', 'currency': 'USD', 'branch_id': 'B00077', 'transaction_amount': 44355.52, 'exchange_rate': 1.2231}
[2025-07-28T22:46:55.662+0000] {kafka_operator.py:55} INFO - Sent transaction {'transaction_id': 'T000033', 'transaction_date': 1738795615661, 'account_id': 'A00051', 'customer_id': 'C00027', 'transaction_type': 'Deposit', 'currency': 'GBP', 'branch_id': 'B00052', 'transaction_amount': 46896.46, 'exchange_rate': 0.1454}
[2025-07-28T22:46:55.664+0000] {kafka_operator.py:55} INFO - Sent transaction {'transaction_id': 'T000034', 'transaction_date': 1744411615664, 'account_id': 'A00043', 'customer_id': 'C00088', 'transaction_type': 'Withdraw', 'currency': 'GBP', 'branch_id': 'B00029', 'transaction_amount': 19642.22, 'exchange_rate': 0.2035}
[2025-07-28T22:46:55.666+0000] {kafka_operator.py:55} INFO - Sent transaction {'transaction_id': 'T000035', 'transaction_date': 1739832415665, 'account_id': 'A00033', 'customer_id': 'C00017', 'transaction_type': 'Withdraw', 'currency': 'USD', 'branch_id': 'B00010', 'transaction_amount': 55287.3, 'exchange_rate': 0.1797}
[2025-07-28T22:46:55.668+0000] {kafka_operator.py:55} INFO - Sent transaction {'transaction_id': 'T000036', 'transaction_date': 1750027615668, 'account_id': 'A00009', 'customer_id': 'C00071', 'transaction_type': 'Withdraw', 'currency': 'EUR', 'branch_id': 'B00100', 'transaction_amount': 37302.46, 'exchange_rate': 0.1369}
[2025-07-28T22:46:55.671+0000] {kafka_operator.py:55} INFO - Sent transaction {'transaction_id': 'T000037', 'transaction_date': 1722466015671, 'account_id': 'A00094', 'customer_id': 'C00031', 'transaction_type': 'Credit', 'currency': 'GBP', 'branch_id': 'B00054', 'transaction_amount': 65385.41, 'exchange_rate': 0.6715}
[2025-07-28T22:46:55.673+0000] {kafka_operator.py:55} INFO - Sent transaction {'transaction_id': 'T000038', 'transaction_date': 1722984415673, 'account_id': 'A00097', 'customer_id': 'C00093', 'transaction_type': 'Withdraw', 'currency': 'GBP', 'branch_id': 'B00007', 'transaction_amount': 63959.11, 'exchange_rate': 0.1989}
[2025-07-28T22:46:55.674+0000] {kafka_operator.py:55} INFO - Sent transaction {'transaction_id': 'T000039', 'transaction_date': 1751496415674, 'account_id': 'A00013', 'customer_id': 'C00022', 'transaction_type': 'Debit', 'currency': 'EUR', 'branch_id': 'B00057', 'transaction_amount': 12117.99, 'exchange_rate': 1.4069}
[2025-07-28T22:46:55.676+0000] {kafka_operator.py:55} INFO - Sent transaction {'transaction_id': 'T000040', 'transaction_date': 1731797215676, 'account_id': 'A00060', 'customer_id': 'C00006', 'transaction_type': 'Debit', 'currency': 'GBP', 'branch_id': 'B00043', 'transaction_amount': 74392.57, 'exchange_rate': 1.0071}
[2025-07-28T22:46:55.677+0000] {kafka_operator.py:55} INFO - Sent transaction {'transaction_id': 'T000041', 'transaction_date': 1728254815677, 'account_id': 'A00002', 'customer_id': 'C00013', 'transaction_type': 'Withdraw', 'currency': 'EUR', 'branch_id': 'B00065', 'transaction_amount': 91197.56, 'exchange_rate': 1.1039}
[2025-07-28T22:46:55.678+0000] {kafka_operator.py:55} INFO - Sent transaction {'transaction_id': 'T000042', 'transaction_date': 1752014815678, 'account_id': 'A00057', 'customer_id': 'C00057', 'transaction_type': 'Deposit', 'currency': 'GBP', 'branch_id': 'B00013', 'transaction_amount': 11276.03, 'exchange_rate': 0.512}
[2025-07-28T22:46:55.680+0000] {kafka_operator.py:55} INFO - Sent transaction {'transaction_id': 'T000043', 'transaction_date': 1731278815680, 'account_id': 'A00096', 'customer_id': 'C00020', 'transaction_type': 'Credit', 'currency': 'USD', 'branch_id': 'B00027', 'transaction_amount': 85891.07, 'exchange_rate': 0.3443}
[2025-07-28T22:46:55.680+0000] {kafka_operator.py:55} INFO - Sent transaction {'transaction_id': 'T000044', 'transaction_date': 1740091615680, 'account_id': 'A00042', 'customer_id': 'C00000', 'transaction_type': 'Deposit', 'currency': 'EUR', 'branch_id': 'B00036', 'transaction_amount': 22057.25, 'exchange_rate': 0.0028}
[2025-07-28T22:46:55.681+0000] {kafka_operator.py:55} INFO - Sent transaction {'transaction_id': 'T000045', 'transaction_date': 1750459615681, 'account_id': 'A00020', 'customer_id': 'C00085', 'transaction_type': 'Withdraw', 'currency': 'USD', 'branch_id': 'B00017', 'transaction_amount': 93201.95, 'exchange_rate': 1.4882}
[2025-07-28T22:46:55.683+0000] {kafka_operator.py:55} INFO - Sent transaction {'transaction_id': 'T000046', 'transaction_date': 1735771615682, 'account_id': 'A00067', 'customer_id': 'C00055', 'transaction_type': 'Withdraw', 'currency': 'GBP', 'branch_id': 'B00087', 'transaction_amount': 42500.56, 'exchange_rate': 1.1858}
[2025-07-28T22:46:55.684+0000] {kafka_operator.py:55} INFO - Sent transaction {'transaction_id': 'T000047', 'transaction_date': 1751064415684, 'account_id': 'A00096', 'customer_id': 'C00026', 'transaction_type': 'Debit', 'currency': 'EUR', 'branch_id': 'B00060', 'transaction_amount': 60954.68, 'exchange_rate': 0.0365}
[2025-07-28T22:46:55.686+0000] {kafka_operator.py:55} INFO - Sent transaction {'transaction_id': 'T000048', 'transaction_date': 1736030815686, 'account_id': 'A00060', 'customer_id': 'C00092', 'transaction_type': 'Withdraw', 'currency': 'GBP', 'branch_id': 'B00040', 'transaction_amount': 87986.99, 'exchange_rate': 0.6664}
[2025-07-28T22:46:55.688+0000] {kafka_operator.py:55} INFO - Sent transaction {'transaction_id': 'T000049', 'transaction_date': 1723762015687, 'account_id': 'A00025', 'customer_id': 'C00049', 'transaction_type': 'Transfer', 'currency': 'EUR', 'branch_id': 'B00013', 'transaction_amount': 11877.9, 'exchange_rate': 0.187}
[2025-07-28T22:46:55.691+0000] {kafka_operator.py:55} INFO - Sent transaction {'transaction_id': 'T000050', 'transaction_date': 1742165215690, 'account_id': 'A00092', 'customer_id': 'C00036', 'transaction_type': 'Withdraw', 'currency': 'GBP', 'branch_id': 'B00096', 'transaction_amount': 71844.16, 'exchange_rate': 0.8341}
[2025-07-28T22:46:55.694+0000] {kafka_operator.py:55} INFO - Sent transaction {'transaction_id': 'T000051', 'transaction_date': 1725317215692, 'account_id': 'A00013', 'customer_id': 'C00036', 'transaction_type': 'Withdraw', 'currency': 'EUR', 'branch_id': 'B00095', 'transaction_amount': 9857.06, 'exchange_rate': 0.8616}
[2025-07-28T22:46:55.695+0000] {kafka_operator.py:55} INFO - Sent transaction {'transaction_id': 'T000052', 'transaction_date': 1726008415695, 'account_id': 'A00051', 'customer_id': 'C00022', 'transaction_type': 'Credit', 'currency': 'GBP', 'branch_id': 'B00054', 'transaction_amount': 28242.38, 'exchange_rate': 0.3246}
[2025-07-28T22:46:55.696+0000] {kafka_operator.py:55} INFO - Sent transaction {'transaction_id': 'T000053', 'transaction_date': 1724021215696, 'account_id': 'A00087', 'customer_id': 'C00028', 'transaction_type': 'Withdraw', 'currency': 'EUR', 'branch_id': 'B00050', 'transaction_amount': 54992.92, 'exchange_rate': 1.3895}
[2025-07-28T22:46:55.696+0000] {kafka_operator.py:55} INFO - Sent transaction {'transaction_id': 'T000054', 'transaction_date': 1740782815696, 'account_id': 'A00001', 'customer_id': 'C00098', 'transaction_type': 'Credit', 'currency': 'USD', 'branch_id': 'B00067', 'transaction_amount': 52559.75, 'exchange_rate': 0.7592}
[2025-07-28T22:46:55.697+0000] {kafka_operator.py:55} INFO - Sent transaction {'transaction_id': 'T000055', 'transaction_date': 1736462815697, 'account_id': 'A00086', 'customer_id': 'C00026', 'transaction_type': 'Credit', 'currency': 'GBP', 'branch_id': 'B00035', 'transaction_amount': 3849.84, 'exchange_rate': 1.4393}
[2025-07-28T22:46:55.697+0000] {kafka_operator.py:55} INFO - Sent transaction {'transaction_id': 'T000056', 'transaction_date': 1751928415697, 'account_id': 'A00079', 'customer_id': 'C00050', 'transaction_type': 'Transfer', 'currency': 'GBP', 'branch_id': 'B00098', 'transaction_amount': 6024.54, 'exchange_rate': 0.1341}
[2025-07-28T22:46:55.698+0000] {kafka_operator.py:55} INFO - Sent transaction {'transaction_id': 'T000057', 'transaction_date': 1731106015698, 'account_id': 'A00081', 'customer_id': 'C00041', 'transaction_type': 'Debit', 'currency': 'GBP', 'branch_id': 'B00025', 'transaction_amount': 20365.82, 'exchange_rate': 0.5939}
[2025-07-28T22:46:55.701+0000] {kafka_operator.py:55} INFO - Sent transaction {'transaction_id': 'T000058', 'transaction_date': 1744757215701, 'account_id': 'A00079', 'customer_id': 'C00012', 'transaction_type': 'Deposit', 'currency': 'USD', 'branch_id': 'B00030', 'transaction_amount': 50552.1, 'exchange_rate': 1.3358}
[2025-07-28T22:46:55.703+0000] {kafka_operator.py:55} INFO - Sent transaction {'transaction_id': 'T000059', 'transaction_date': 1741646815703, 'account_id': 'A00069', 'customer_id': 'C00095', 'transaction_type': 'Transfer', 'currency': 'USD', 'branch_id': 'B00098', 'transaction_amount': 76451.69, 'exchange_rate': 0.8336}
[2025-07-28T22:46:55.704+0000] {kafka_operator.py:55} INFO - Sent transaction {'transaction_id': 'T000060', 'transaction_date': 1746571615704, 'account_id': 'A00002', 'customer_id': 'C00095', 'transaction_type': 'Debit', 'currency': 'GBP', 'branch_id': 'B00033', 'transaction_amount': 74866.24, 'exchange_rate': 0.8231}
[2025-07-28T22:46:55.704+0000] {kafka_operator.py:55} INFO - Sent transaction {'transaction_id': 'T000061', 'transaction_date': 1735080415704, 'account_id': 'A00017', 'customer_id': 'C00075', 'transaction_type': 'Withdraw', 'currency': 'USD', 'branch_id': 'B00088', 'transaction_amount': 96433.95, 'exchange_rate': 0.9033}
[2025-07-28T22:46:55.706+0000] {kafka_operator.py:55} INFO - Sent transaction {'transaction_id': 'T000062', 'transaction_date': 1739486815706, 'account_id': 'A00098', 'customer_id': 'C00070', 'transaction_type': 'Credit', 'currency': 'GBP', 'branch_id': 'B00021', 'transaction_amount': 73760.45, 'exchange_rate': 0.4142}
[2025-07-28T22:46:55.709+0000] {kafka_operator.py:55} INFO - Sent transaction {'transaction_id': 'T000063', 'transaction_date': 1729637215709, 'account_id': 'A00046', 'customer_id': 'C00012', 'transaction_type': 'Withdraw', 'currency': 'GBP', 'branch_id': 'B00093', 'transaction_amount': 56127.27, 'exchange_rate': 0.5394}
[2025-07-28T22:46:55.713+0000] {kafka_operator.py:55} INFO - Sent transaction {'transaction_id': 'T000064', 'transaction_date': 1747781215713, 'account_id': 'A00002', 'customer_id': 'C00074', 'transaction_type': 'Transfer', 'currency': 'EUR', 'branch_id': 'B00079', 'transaction_amount': 73884.12, 'exchange_rate': 0.4249}
[2025-07-28T22:46:55.717+0000] {kafka_operator.py:55} INFO - Sent transaction {'transaction_id': 'T000065', 'transaction_date': 1740091615716, 'account_id': 'A00014', 'customer_id': 'C00073', 'transaction_type': 'Transfer', 'currency': 'EUR', 'branch_id': 'B00052', 'transaction_amount': 64359.75, 'exchange_rate': 1.2569}
[2025-07-28T22:46:55.727+0000] {kafka_operator.py:55} INFO - Sent transaction {'transaction_id': 'T000066', 'transaction_date': 1731451615726, 'account_id': 'A00051', 'customer_id': 'C00003', 'transaction_type': 'Credit', 'currency': 'GBP', 'branch_id': 'B00095', 'transaction_amount': 59255.19, 'exchange_rate': 1.2108}
[2025-07-28T22:46:55.725+0000] {sender.py:471} WARNING - <Sender client_id=kafka-python-producer-1 transactional_id=None>: Got error produce response on topic-partition ('transaction_facts', 0), retrying (inf attempts left). Error: <class 'kafka.errors.NotLeaderForPartitionError'>
[2025-07-28T22:46:55.728+0000] {kafka_operator.py:55} INFO - Sent transaction {'transaction_id': 'T000067', 'transaction_date': 1726786015727, 'account_id': 'A00081', 'customer_id': 'C00021', 'transaction_type': 'Credit', 'currency': 'EUR', 'branch_id': 'B00092', 'transaction_amount': 86992.16, 'exchange_rate': 0.8299}
[2025-07-28T22:46:55.733+0000] {kafka_operator.py:55} INFO - Sent transaction {'transaction_id': 'T000068', 'transaction_date': 1728686815733, 'account_id': 'A00004', 'customer_id': 'C00006', 'transaction_type': 'Credit', 'currency': 'EUR', 'branch_id': 'B00097', 'transaction_amount': 80748.79, 'exchange_rate': 0.3229}
[2025-07-28T22:46:55.732+0000] {sender.py:471} WARNING - <Sender client_id=kafka-python-producer-1 transactional_id=None>: Got error produce response on topic-partition ('transaction_facts', 0), retrying (inf attempts left). Error: <class 'kafka.errors.NotLeaderForPartitionError'>
[2025-07-28T22:46:55.736+0000] {kafka_operator.py:55} INFO - Sent transaction {'transaction_id': 'T000069', 'transaction_date': 1744843615735, 'account_id': 'A00041', 'customer_id': 'C00043', 'transaction_type': 'Credit', 'currency': 'GBP', 'branch_id': 'B00068', 'transaction_amount': 81767.16, 'exchange_rate': 0.7607}
[2025-07-28T22:46:55.738+0000] {kafka_operator.py:55} INFO - Sent transaction {'transaction_id': 'T000070', 'transaction_date': 1751755615738, 'account_id': 'A00046', 'customer_id': 'C00043', 'transaction_type': 'Deposit', 'currency': 'GBP', 'branch_id': 'B00000', 'transaction_amount': 97539.66, 'exchange_rate': 0.2518}
[2025-07-28T22:46:55.738+0000] {kafka_operator.py:55} INFO - Sent transaction {'transaction_id': 'T000071', 'transaction_date': 1745707615738, 'account_id': 'A00081', 'customer_id': 'C00014', 'transaction_type': 'Withdraw', 'currency': 'EUR', 'branch_id': 'B00015', 'transaction_amount': 85499.79, 'exchange_rate': 1.0877}
[2025-07-28T22:46:55.738+0000] {kafka_operator.py:55} INFO - Sent transaction {'transaction_id': 'T000072', 'transaction_date': 1728686815738, 'account_id': 'A00031', 'customer_id': 'C00047', 'transaction_type': 'Credit', 'currency': 'EUR', 'branch_id': 'B00083', 'transaction_amount': 82041.31, 'exchange_rate': 1.2213}
[2025-07-28T22:46:55.739+0000] {kafka_operator.py:55} INFO - Sent transaction {'transaction_id': 'T000073', 'transaction_date': 1741042015739, 'account_id': 'A00091', 'customer_id': 'C00045', 'transaction_type': 'Withdraw', 'currency': 'USD', 'branch_id': 'B00036', 'transaction_amount': 16583.41, 'exchange_rate': 0.3325}
[2025-07-28T22:46:55.739+0000] {kafka_operator.py:55} INFO - Sent transaction {'transaction_id': 'T000074', 'transaction_date': 1750718815739, 'account_id': 'A00083', 'customer_id': 'C00037', 'transaction_type': 'Credit', 'currency': 'USD', 'branch_id': 'B00077', 'transaction_amount': 65390.2, 'exchange_rate': 0.7022}
[2025-07-28T22:46:55.740+0000] {kafka_operator.py:55} INFO - Sent transaction {'transaction_id': 'T000075', 'transaction_date': 1722725215739, 'account_id': 'A00086', 'customer_id': 'C00081', 'transaction_type': 'Credit', 'currency': 'GBP', 'branch_id': 'B00015', 'transaction_amount': 84724.39, 'exchange_rate': 1.1066}
[2025-07-28T22:46:55.744+0000] {kafka_operator.py:55} INFO - Sent transaction {'transaction_id': 'T000076', 'transaction_date': 1730674015744, 'account_id': 'A00042', 'customer_id': 'C00009', 'transaction_type': 'Withdraw', 'currency': 'USD', 'branch_id': 'B00088', 'transaction_amount': 82465.58, 'exchange_rate': 0.5243}
[2025-07-28T22:46:55.744+0000] {kafka_operator.py:55} INFO - Sent transaction {'transaction_id': 'T000077', 'transaction_date': 1728082015744, 'account_id': 'A00060', 'customer_id': 'C00076', 'transaction_type': 'Debit', 'currency': 'GBP', 'branch_id': 'B00048', 'transaction_amount': 21339.42, 'exchange_rate': 0.7031}
[2025-07-28T22:46:55.745+0000] {kafka_operator.py:55} INFO - Sent transaction {'transaction_id': 'T000078', 'transaction_date': 1727218015745, 'account_id': 'A00022', 'customer_id': 'C00057', 'transaction_type': 'Deposit', 'currency': 'USD', 'branch_id': 'B00037', 'transaction_amount': 32508.77, 'exchange_rate': 0.7376}
[2025-07-28T22:46:55.745+0000] {kafka_operator.py:55} INFO - Sent transaction {'transaction_id': 'T000079', 'transaction_date': 1724280415745, 'account_id': 'A00021', 'customer_id': 'C00079', 'transaction_type': 'Debit', 'currency': 'EUR', 'branch_id': 'B00029', 'transaction_amount': 15050.89, 'exchange_rate': 0.7943}
[2025-07-28T22:46:55.746+0000] {kafka_operator.py:55} INFO - Sent transaction {'transaction_id': 'T000080', 'transaction_date': 1753570015746, 'account_id': 'A00049', 'customer_id': 'C00098', 'transaction_type': 'Withdraw', 'currency': 'EUR', 'branch_id': 'B00082', 'transaction_amount': 61468.31, 'exchange_rate': 1.2927}
[2025-07-28T22:46:55.746+0000] {kafka_operator.py:55} INFO - Sent transaction {'transaction_id': 'T000081', 'transaction_date': 1742597215746, 'account_id': 'A00000', 'customer_id': 'C00047', 'transaction_type': 'Deposit', 'currency': 'USD', 'branch_id': 'B00042', 'transaction_amount': 23814.07, 'exchange_rate': 1.3318}
[2025-07-28T22:46:55.746+0000] {kafka_operator.py:55} INFO - Sent transaction {'transaction_id': 'T000082', 'transaction_date': 1726699615746, 'account_id': 'A00036', 'customer_id': 'C00077', 'transaction_type': 'Withdraw', 'currency': 'GBP', 'branch_id': 'B00096', 'transaction_amount': 18624.27, 'exchange_rate': 0.1741}
[2025-07-28T22:46:55.747+0000] {kafka_operator.py:55} INFO - Sent transaction {'transaction_id': 'T000083', 'transaction_date': 1739054815747, 'account_id': 'A00008', 'customer_id': 'C00089', 'transaction_type': 'Credit', 'currency': 'USD', 'branch_id': 'B00008', 'transaction_amount': 9737.79, 'exchange_rate': 0.7846}
[2025-07-28T22:46:55.749+0000] {kafka_operator.py:55} INFO - Sent transaction {'transaction_id': 'T000084', 'transaction_date': 1730155615748, 'account_id': 'A00073', 'customer_id': 'C00014', 'transaction_type': 'Debit', 'currency': 'USD', 'branch_id': 'B00019', 'transaction_amount': 76150.11, 'exchange_rate': 0.429}
[2025-07-28T22:46:55.752+0000] {kafka_operator.py:55} INFO - Sent transaction {'transaction_id': 'T000085', 'transaction_date': 1730587615751, 'account_id': 'A00070', 'customer_id': 'C00070', 'transaction_type': 'Withdraw', 'currency': 'EUR', 'branch_id': 'B00055', 'transaction_amount': 79492.73, 'exchange_rate': 0.9998}
[2025-07-28T22:46:55.753+0000] {kafka_operator.py:55} INFO - Sent transaction {'transaction_id': 'T000086', 'transaction_date': 1730155615753, 'account_id': 'A00000', 'customer_id': 'C00068', 'transaction_type': 'Transfer', 'currency': 'USD', 'branch_id': 'B00080', 'transaction_amount': 35124.48, 'exchange_rate': 0.3428}
[2025-07-28T22:46:55.754+0000] {kafka_operator.py:55} INFO - Sent transaction {'transaction_id': 'T000087', 'transaction_date': 1751064415754, 'account_id': 'A00022', 'customer_id': 'C00027', 'transaction_type': 'Credit', 'currency': 'GBP', 'branch_id': 'B00071', 'transaction_amount': 76836.81, 'exchange_rate': 0.9948}
[2025-07-28T22:46:55.756+0000] {kafka_operator.py:55} INFO - Sent transaction {'transaction_id': 'T000088', 'transaction_date': 1730846815756, 'account_id': 'A00018', 'customer_id': 'C00096', 'transaction_type': 'Debit', 'currency': 'USD', 'branch_id': 'B00083', 'transaction_amount': 21678.45, 'exchange_rate': 0.5241}
[2025-07-28T22:46:55.758+0000] {kafka_operator.py:55} INFO - Sent transaction {'transaction_id': 'T000089', 'transaction_date': 1733784415757, 'account_id': 'A00014', 'customer_id': 'C00002', 'transaction_type': 'Debit', 'currency': 'USD', 'branch_id': 'B00037', 'transaction_amount': 90196.32, 'exchange_rate': 1.0346}
[2025-07-28T22:46:55.759+0000] {kafka_operator.py:55} INFO - Sent transaction {'transaction_id': 'T000090', 'transaction_date': 1745707615759, 'account_id': 'A00000', 'customer_id': 'C00099', 'transaction_type': 'Transfer', 'currency': 'USD', 'branch_id': 'B00047', 'transaction_amount': 44183.22, 'exchange_rate': 0.4501}
[2025-07-28T22:46:55.761+0000] {kafka_operator.py:55} INFO - Sent transaction {'transaction_id': 'T000091', 'transaction_date': 1735426015760, 'account_id': 'A00045', 'customer_id': 'C00001', 'transaction_type': 'Transfer', 'currency': 'USD', 'branch_id': 'B00092', 'transaction_amount': 45097.57, 'exchange_rate': 1.3169}
[2025-07-28T22:46:55.762+0000] {kafka_operator.py:55} INFO - Sent transaction {'transaction_id': 'T000092', 'transaction_date': 1746744415762, 'account_id': 'A00095', 'customer_id': 'C00023', 'transaction_type': 'Transfer', 'currency': 'EUR', 'branch_id': 'B00032', 'transaction_amount': 1262.82, 'exchange_rate': 1.4275}
[2025-07-28T22:46:55.763+0000] {kafka_operator.py:55} INFO - Sent transaction {'transaction_id': 'T000093', 'transaction_date': 1750200415763, 'account_id': 'A00030', 'customer_id': 'C00094', 'transaction_type': 'Withdraw', 'currency': 'EUR', 'branch_id': 'B00030', 'transaction_amount': 93022.75, 'exchange_rate': 0.6965}
[2025-07-28T22:46:55.764+0000] {kafka_operator.py:55} INFO - Sent transaction {'transaction_id': 'T000094', 'transaction_date': 1727045215764, 'account_id': 'A00068', 'customer_id': 'C00082', 'transaction_type': 'Debit', 'currency': 'EUR', 'branch_id': 'B00043', 'transaction_amount': 88520.39, 'exchange_rate': 0.2617}
[2025-07-28T22:46:55.765+0000] {kafka_operator.py:55} INFO - Sent transaction {'transaction_id': 'T000095', 'transaction_date': 1750286815765, 'account_id': 'A00090', 'customer_id': 'C00060', 'transaction_type': 'Withdraw', 'currency': 'EUR', 'branch_id': 'B00009', 'transaction_amount': 76063.2, 'exchange_rate': 0.8384}
[2025-07-28T22:46:55.766+0000] {kafka_operator.py:55} INFO - Sent transaction {'transaction_id': 'T000096', 'transaction_date': 1747781215766, 'account_id': 'A00009', 'customer_id': 'C00010', 'transaction_type': 'Credit', 'currency': 'EUR', 'branch_id': 'B00072', 'transaction_amount': 9276.17, 'exchange_rate': 0.5829}
[2025-07-28T22:46:55.766+0000] {kafka_operator.py:55} INFO - Sent transaction {'transaction_id': 'T000097', 'transaction_date': 1730414815766, 'account_id': 'A00059', 'customer_id': 'C00041', 'transaction_type': 'Withdraw', 'currency': 'USD', 'branch_id': 'B00070', 'transaction_amount': 78423.74, 'exchange_rate': 0.7727}
[2025-07-28T22:46:55.767+0000] {kafka_operator.py:55} INFO - Sent transaction {'transaction_id': 'T000098', 'transaction_date': 1722206815767, 'account_id': 'A00089', 'customer_id': 'C00045', 'transaction_type': 'Transfer', 'currency': 'USD', 'branch_id': 'B00081', 'transaction_amount': 17873.49, 'exchange_rate': 1.1648}
[2025-07-28T22:46:55.768+0000] {kafka_operator.py:55} INFO - Sent transaction {'transaction_id': 'T000099', 'transaction_date': 1732402015768, 'account_id': 'A00083', 'customer_id': 'C00063', 'transaction_type': 'Credit', 'currency': 'USD', 'branch_id': 'B00011', 'transaction_amount': 75833.23, 'exchange_rate': 0.5538}
[2025-07-28T22:46:55.768+0000] {kafka_operator.py:55} INFO - Sent transaction {'transaction_id': 'T000100', 'transaction_date': 1740437215768, 'account_id': 'A00008', 'customer_id': 'C00044', 'transaction_type': 'Deposit', 'currency': 'USD', 'branch_id': 'B00061', 'transaction_amount': 69531.18, 'exchange_rate': 0.48}
[2025-07-28T22:46:55.847+0000] {kafka_operator.py:58} INFO - 100 transactions sent has been sent to kafka transaction_facts!
[2025-07-28T22:46:55.849+0000] {conn.py:945} INFO - <BrokerConnection client_id=kafka-python-producer-1, node_id=0 host=kafka_broker:9092 <connected> [IPv4 ('172.19.0.3', 9092)]>: Closing connection. 
[2025-07-28T22:46:55.859+0000] {taskinstance.py:1398} INFO - Marking task as SUCCESS. dag_id=transaction_facts_generator, task_id=generate_txn_fact_data, execution_date=20250315T000000, start_date=20250728T224655, end_date=20250728T224655
[2025-07-28T22:46:55.898+0000] {local_task_job_runner.py:228} INFO - Task exited with return code 0
[2025-07-28T22:46:55.968+0000] {taskinstance.py:2776} INFO - 0 downstream tasks scheduled from follow-on schedule check
