[2025-07-29T22:56:58.133+0000] {taskinstance.py:1157} INFO - Dependencies all met for dep_context=non-requeueable deps ti=<TaskInstance: dimension_batch_ingestion.ingest_account_dim manual__2025-07-29T22:56:57.323395+00:00 [queued]>
[2025-07-29T22:56:58.139+0000] {taskinstance.py:1157} INFO - Dependencies all met for dep_context=requeueable deps ti=<TaskInstance: dimension_batch_ingestion.ingest_account_dim manual__2025-07-29T22:56:57.323395+00:00 [queued]>
[2025-07-29T22:56:58.140+0000] {taskinstance.py:1359} INFO - Starting attempt 1 of 1
[2025-07-29T22:56:58.146+0000] {taskinstance.py:1380} INFO - Executing <Task(BashOperator): ingest_account_dim> on 2025-07-29 22:56:57.323395+00:00
[2025-07-29T22:56:58.148+0000] {standard_task_runner.py:57} INFO - Started process 1850 to run task
[2025-07-29T22:56:58.150+0000] {standard_task_runner.py:84} INFO - Running: ['***', 'tasks', 'run', 'dimension_batch_ingestion', 'ingest_account_dim', 'manual__2025-07-29T22:56:57.323395+00:00', '--job-id', '915', '--raw', '--subdir', 'DAGS_FOLDER/loader_dag.py', '--cfg-path', '/tmp/tmpsv4nsgim']
[2025-07-29T22:56:58.152+0000] {standard_task_runner.py:85} INFO - Job 915: Subtask ingest_account_dim
[2025-07-29T22:56:58.182+0000] {task_command.py:415} INFO - Running <TaskInstance: dimension_batch_ingestion.ingest_account_dim manual__2025-07-29T22:56:57.323395+00:00 [running]> on host bec18a9c33c0
[2025-07-29T22:56:58.213+0000] {taskinstance.py:1660} INFO - Exporting env vars: AIRFLOW_CTX_DAG_OWNER='GGCODE' AIRFLOW_CTX_DAG_ID='dimension_batch_ingestion' AIRFLOW_CTX_TASK_ID='ingest_account_dim' AIRFLOW_CTX_EXECUTION_DATE='2025-07-29T22:56:57.323395+00:00' AIRFLOW_CTX_TRY_NUMBER='1' AIRFLOW_CTX_DAG_RUN_ID='manual__2025-07-29T22:56:57.323395+00:00'
[2025-07-29T22:56:58.215+0000] {subprocess.py:63} INFO - Tmp dir root location: /tmp
[2025-07-29T22:56:58.215+0000] {subprocess.py:75} INFO - Running command: ['/bin/bash', '-c', 'curl -X POST -F file=@/opt/***/account_dim_large_data.csv -H "Content-Type: multipart/form-data" "http://pinot-controller:9000/ingestFromFile?tableNameWithType=account_dim_OFFLINE&batchConfigMapStr=%7B%22inputFormat%22%3A%22csv%22%2C%22recordReader.prop.delimiter%22%3A%22%2C%22%7D"']
[2025-07-29T22:56:58.220+0000] {subprocess.py:86} INFO - Output:
[2025-07-29T22:56:58.225+0000] {subprocess.py:93} INFO -   % Total    % Received % Xferd  Average Speed   Time    Time     Time  Current
[2025-07-29T22:56:58.225+0000] {subprocess.py:93} INFO -                                  Dload  Upload   Total   Spent    Left  Speed
[2025-07-29T22:56:58.297+0000] {subprocess.py:93} INFO -   0     0    0     0    0     0      0      0 --:--:-- --:--:-- --:--:--     0100  2955  100   109  100  2846   1513  39527 --:--:-- --:--:-- --:--:-- 41619
[2025-07-29T22:56:58.297+0000] {subprocess.py:93} INFO - {"status":"Successfully ingested file into table: account_dim_OFFLINE as segment: account_dim_1753829818237"}
[2025-07-29T22:56:58.298+0000] {subprocess.py:97} INFO - Command exited with return code 0
[2025-07-29T22:56:58.320+0000] {taskinstance.py:1398} INFO - Marking task as SUCCESS. dag_id=dimension_batch_ingestion, task_id=ingest_account_dim, execution_date=20250729T225657, start_date=20250729T225658, end_date=20250729T225658
[2025-07-29T22:56:58.372+0000] {local_task_job_runner.py:228} INFO - Task exited with return code 0
[2025-07-29T22:56:58.394+0000] {taskinstance.py:2776} INFO - 0 downstream tasks scheduled from follow-on schedule check
