[2025-07-31T22:05:24.634+0000] {taskinstance.py:1157} INFO - Dependencies all met for dep_context=non-requeueable deps ti=<TaskInstance: dimension_batch_ingestion.ingest_branch_dim manual__2025-07-31T22:05:23.686373+00:00 [queued]>
[2025-07-31T22:05:24.645+0000] {taskinstance.py:1157} INFO - Dependencies all met for dep_context=requeueable deps ti=<TaskInstance: dimension_batch_ingestion.ingest_branch_dim manual__2025-07-31T22:05:23.686373+00:00 [queued]>
[2025-07-31T22:05:24.646+0000] {taskinstance.py:1359} INFO - Starting attempt 1 of 1
[2025-07-31T22:05:24.673+0000] {taskinstance.py:1380} INFO - Executing <Task(BashOperator): ingest_branch_dim> on 2025-07-31 22:05:23.686373+00:00
[2025-07-31T22:05:24.681+0000] {standard_task_runner.py:57} INFO - Started process 316 to run task
[2025-07-31T22:05:24.690+0000] {standard_task_runner.py:84} INFO - Running: ['***', 'tasks', 'run', 'dimension_batch_ingestion', 'ingest_branch_dim', 'manual__2025-07-31T22:05:23.686373+00:00', '--job-id', '1445', '--raw', '--subdir', 'DAGS_FOLDER/loader_dag.py', '--cfg-path', '/tmp/tmpdjel79u9']
[2025-07-31T22:05:24.696+0000] {standard_task_runner.py:85} INFO - Job 1445: Subtask ingest_branch_dim
[2025-07-31T22:05:24.742+0000] {task_command.py:415} INFO - Running <TaskInstance: dimension_batch_ingestion.ingest_branch_dim manual__2025-07-31T22:05:23.686373+00:00 [running]> on host 08e9b350bc5e
[2025-07-31T22:05:24.833+0000] {taskinstance.py:1660} INFO - Exporting env vars: AIRFLOW_CTX_DAG_OWNER='GGCODE' AIRFLOW_CTX_DAG_ID='dimension_batch_ingestion' AIRFLOW_CTX_TASK_ID='ingest_branch_dim' AIRFLOW_CTX_EXECUTION_DATE='2025-07-31T22:05:23.686373+00:00' AIRFLOW_CTX_TRY_NUMBER='1' AIRFLOW_CTX_DAG_RUN_ID='manual__2025-07-31T22:05:23.686373+00:00'
[2025-07-31T22:05:24.834+0000] {subprocess.py:63} INFO - Tmp dir root location: /tmp
[2025-07-31T22:05:24.835+0000] {subprocess.py:75} INFO - Running command: ['/bin/bash', '-c', 'curl -X POST -F file=@/opt/***/branch_dim_large_data.csv -H "Content-Type: multipart/form-data" "http://pinot-controller:9000/ingestFromFile?tableNameWithType=branch_dim_OFFLINE&batchConfigMapStr=%7B%22inputFormat%22%3A%22csv%22%2C%22recordReader.prop.delimiter%22%3A%22%2C%22%7D"']
[2025-07-31T22:05:24.845+0000] {subprocess.py:86} INFO - Output:
[2025-07-31T22:05:24.875+0000] {subprocess.py:93} INFO -   % Total    % Received % Xferd  Average Speed   Time    Time     Time  Current
[2025-07-31T22:05:24.875+0000] {subprocess.py:93} INFO -                                  Dload  Upload   Total   Spent    Left  Speed
[2025-07-31T22:05:25.744+0000] {subprocess.py:93} INFO -   0     0    0     0    0     0      0      0 --:--:-- --:--:-- --:--:--     0100  3885  100   107  100  3778    123   4352 --:--:-- --:--:-- --:--:--  4470100  3885  100   107  100  3778    123   4352 --:--:-- --:--:-- --:--:--  4470
[2025-07-31T22:05:25.745+0000] {subprocess.py:93} INFO - {"status":"Successfully ingested file into table: branch_dim_OFFLINE as segment: branch_dim_1753999524916"}
[2025-07-31T22:05:25.746+0000] {subprocess.py:97} INFO - Command exited with return code 0
[2025-07-31T22:05:25.780+0000] {taskinstance.py:1398} INFO - Marking task as SUCCESS. dag_id=dimension_batch_ingestion, task_id=ingest_branch_dim, execution_date=20250731T220523, start_date=20250731T220524, end_date=20250731T220525
[2025-07-31T22:05:25.813+0000] {local_task_job_runner.py:228} INFO - Task exited with return code 0
[2025-07-31T22:05:25.840+0000] {taskinstance.py:2776} INFO - 0 downstream tasks scheduled from follow-on schedule check
