[2025-07-31T22:27:32.798+0000] {taskinstance.py:1157} INFO - Dependencies all met for dep_context=non-requeueable deps ti=<TaskInstance: dimension_batch_ingestion.ingest_branch_dim manual__2025-07-31T22:27:31.598476+00:00 [queued]>
[2025-07-31T22:27:32.806+0000] {taskinstance.py:1157} INFO - Dependencies all met for dep_context=requeueable deps ti=<TaskInstance: dimension_batch_ingestion.ingest_branch_dim manual__2025-07-31T22:27:31.598476+00:00 [queued]>
[2025-07-31T22:27:32.807+0000] {taskinstance.py:1359} INFO - Starting attempt 1 of 1
[2025-07-31T22:27:32.844+0000] {taskinstance.py:1380} INFO - Executing <Task(BashOperator): ingest_branch_dim> on 2025-07-31 22:27:31.598476+00:00
[2025-07-31T22:27:32.856+0000] {standard_task_runner.py:57} INFO - Started process 426 to run task
[2025-07-31T22:27:32.862+0000] {standard_task_runner.py:84} INFO - Running: ['***', 'tasks', 'run', 'dimension_batch_ingestion', 'ingest_branch_dim', 'manual__2025-07-31T22:27:31.598476+00:00', '--job-id', '1456', '--raw', '--subdir', 'DAGS_FOLDER/loader_dag.py', '--cfg-path', '/tmp/tmp2kzafc35']
[2025-07-31T22:27:32.869+0000] {standard_task_runner.py:85} INFO - Job 1456: Subtask ingest_branch_dim
[2025-07-31T22:27:32.961+0000] {task_command.py:415} INFO - Running <TaskInstance: dimension_batch_ingestion.ingest_branch_dim manual__2025-07-31T22:27:31.598476+00:00 [running]> on host 08e9b350bc5e
[2025-07-31T22:27:33.043+0000] {taskinstance.py:1660} INFO - Exporting env vars: AIRFLOW_CTX_DAG_OWNER='GGCODE' AIRFLOW_CTX_DAG_ID='dimension_batch_ingestion' AIRFLOW_CTX_TASK_ID='ingest_branch_dim' AIRFLOW_CTX_EXECUTION_DATE='2025-07-31T22:27:31.598476+00:00' AIRFLOW_CTX_TRY_NUMBER='1' AIRFLOW_CTX_DAG_RUN_ID='manual__2025-07-31T22:27:31.598476+00:00'
[2025-07-31T22:27:33.045+0000] {subprocess.py:63} INFO - Tmp dir root location: /tmp
[2025-07-31T22:27:33.046+0000] {subprocess.py:75} INFO - Running command: ['/bin/bash', '-c', 'curl -X POST -F file=@/opt/***/branch_dim_large_data.csv -H "Content-Type: multipart/form-data" "http://pinot-controller:9000/ingestFromFile?tableNameWithType=branch_dim_OFFLINE&batchConfigMapStr=%7B%22inputFormat%22%3A%22csv%22%2C%22recordReader.prop.delimiter%22%3A%22%2C%22%7D"']
[2025-07-31T22:27:33.056+0000] {subprocess.py:86} INFO - Output:
[2025-07-31T22:27:33.075+0000] {subprocess.py:93} INFO -   % Total    % Received % Xferd  Average Speed   Time    Time     Time  Current
[2025-07-31T22:27:33.075+0000] {subprocess.py:93} INFO -                                  Dload  Upload   Total   Spent    Left  Speed
[2025-07-31T22:27:33.257+0000] {subprocess.py:93} INFO -   0     0    0     0    0     0      0      0 --:--:-- --:--:-- --:--:--     0100  3870  100   107  100  3763    587  20675 --:--:-- --:--:-- --:--:-- 21381
[2025-07-31T22:27:33.260+0000] {subprocess.py:93} INFO - {"status":"Successfully ingested file into table: branch_dim_OFFLINE as segment: branch_dim_1754000853107"}
[2025-07-31T22:27:33.261+0000] {subprocess.py:97} INFO - Command exited with return code 0
[2025-07-31T22:27:33.300+0000] {taskinstance.py:1398} INFO - Marking task as SUCCESS. dag_id=dimension_batch_ingestion, task_id=ingest_branch_dim, execution_date=20250731T222731, start_date=20250731T222732, end_date=20250731T222733
[2025-07-31T22:27:33.334+0000] {local_task_job_runner.py:228} INFO - Task exited with return code 0
[2025-07-31T22:27:33.374+0000] {taskinstance.py:2776} INFO - 0 downstream tasks scheduled from follow-on schedule check
