[2025-07-29T22:56:58.124+0000] {taskinstance.py:1157} INFO - Dependencies all met for dep_context=non-requeueable deps ti=<TaskInstance: dimension_batch_ingestion.ingest_customer_dim manual__2025-07-29T22:56:57.323395+00:00 [queued]>
[2025-07-29T22:56:58.127+0000] {taskinstance.py:1157} INFO - Dependencies all met for dep_context=requeueable deps ti=<TaskInstance: dimension_batch_ingestion.ingest_customer_dim manual__2025-07-29T22:56:57.323395+00:00 [queued]>
[2025-07-29T22:56:58.127+0000] {taskinstance.py:1359} INFO - Starting attempt 1 of 1
[2025-07-29T22:56:58.132+0000] {taskinstance.py:1380} INFO - Executing <Task(BashOperator): ingest_customer_dim> on 2025-07-29 22:56:57.323395+00:00
[2025-07-29T22:56:58.135+0000] {standard_task_runner.py:57} INFO - Started process 1848 to run task
[2025-07-29T22:56:58.137+0000] {standard_task_runner.py:84} INFO - Running: ['***', 'tasks', 'run', 'dimension_batch_ingestion', 'ingest_customer_dim', 'manual__2025-07-29T22:56:57.323395+00:00', '--job-id', '913', '--raw', '--subdir', 'DAGS_FOLDER/loader_dag.py', '--cfg-path', '/tmp/tmp82i062ei']
[2025-07-29T22:56:58.138+0000] {standard_task_runner.py:85} INFO - Job 913: Subtask ingest_customer_dim
[2025-07-29T22:56:58.166+0000] {task_command.py:415} INFO - Running <TaskInstance: dimension_batch_ingestion.ingest_customer_dim manual__2025-07-29T22:56:57.323395+00:00 [running]> on host bec18a9c33c0
[2025-07-29T22:56:58.203+0000] {taskinstance.py:1660} INFO - Exporting env vars: AIRFLOW_CTX_DAG_OWNER='GGCODE' AIRFLOW_CTX_DAG_ID='dimension_batch_ingestion' AIRFLOW_CTX_TASK_ID='ingest_customer_dim' AIRFLOW_CTX_EXECUTION_DATE='2025-07-29T22:56:57.323395+00:00' AIRFLOW_CTX_TRY_NUMBER='1' AIRFLOW_CTX_DAG_RUN_ID='manual__2025-07-29T22:56:57.323395+00:00'
[2025-07-29T22:56:58.204+0000] {subprocess.py:63} INFO - Tmp dir root location: /tmp
[2025-07-29T22:56:58.205+0000] {subprocess.py:75} INFO - Running command: ['/bin/bash', '-c', 'curl -X POST -F file=@/opt/***/customer_dim_large_data.csv -H "Content-Type: multipart/form-data" "http://pinot-controller:9000/ingestFromFile?tableNameWithType=customer_dim_OFFLINE&batchConfigMapStr=%7B%22inputFormat%22%3A%22csv%22%2C%22recordReader.prop.delimiter%22%3A%22%2C%22%7D"']
[2025-07-29T22:56:58.209+0000] {subprocess.py:86} INFO - Output:
[2025-07-29T22:56:58.214+0000] {subprocess.py:93} INFO -   % Total    % Received % Xferd  Average Speed   Time    Time     Time  Current
[2025-07-29T22:56:58.214+0000] {subprocess.py:93} INFO -                                  Dload  Upload   Total   Spent    Left  Speed
[2025-07-29T22:56:58.326+0000] {subprocess.py:93} INFO -   0     0    0     0    0     0      0      0 --:--:-- --:--:-- --:--:--     0100  8268  100   111  100  8157   1000  73486 --:--:-- --:--:-- --:--:-- 74486
[2025-07-29T22:56:58.327+0000] {subprocess.py:93} INFO - {"status":"Successfully ingested file into table: customer_dim_OFFLINE as segment: customer_dim_1753829818237"}
[2025-07-29T22:56:58.331+0000] {subprocess.py:97} INFO - Command exited with return code 0
[2025-07-29T22:56:58.349+0000] {taskinstance.py:1398} INFO - Marking task as SUCCESS. dag_id=dimension_batch_ingestion, task_id=ingest_customer_dim, execution_date=20250729T225657, start_date=20250729T225658, end_date=20250729T225658
[2025-07-29T22:56:58.399+0000] {local_task_job_runner.py:228} INFO - Task exited with return code 0
[2025-07-29T22:56:58.421+0000] {taskinstance.py:2776} INFO - 0 downstream tasks scheduled from follow-on schedule check
