[2025-07-31T22:27:32.787+0000] {taskinstance.py:1157} INFO - Dependencies all met for dep_context=non-requeueable deps ti=<TaskInstance: dimension_batch_ingestion.ingest_customer_dim manual__2025-07-31T22:27:31.598476+00:00 [queued]>
[2025-07-31T22:27:32.798+0000] {taskinstance.py:1157} INFO - Dependencies all met for dep_context=requeueable deps ti=<TaskInstance: dimension_batch_ingestion.ingest_customer_dim manual__2025-07-31T22:27:31.598476+00:00 [queued]>
[2025-07-31T22:27:32.799+0000] {taskinstance.py:1359} INFO - Starting attempt 1 of 1
[2025-07-31T22:27:32.816+0000] {taskinstance.py:1380} INFO - Executing <Task(BashOperator): ingest_customer_dim> on 2025-07-31 22:27:31.598476+00:00
[2025-07-31T22:27:32.824+0000] {standard_task_runner.py:57} INFO - Started process 424 to run task
[2025-07-31T22:27:32.836+0000] {standard_task_runner.py:84} INFO - Running: ['***', 'tasks', 'run', 'dimension_batch_ingestion', 'ingest_customer_dim', 'manual__2025-07-31T22:27:31.598476+00:00', '--job-id', '1455', '--raw', '--subdir', 'DAGS_FOLDER/loader_dag.py', '--cfg-path', '/tmp/tmpvjck6w40']
[2025-07-31T22:27:32.843+0000] {standard_task_runner.py:85} INFO - Job 1455: Subtask ingest_customer_dim
[2025-07-31T22:27:32.930+0000] {task_command.py:415} INFO - Running <TaskInstance: dimension_batch_ingestion.ingest_customer_dim manual__2025-07-31T22:27:31.598476+00:00 [running]> on host 08e9b350bc5e
[2025-07-31T22:27:33.034+0000] {taskinstance.py:1660} INFO - Exporting env vars: AIRFLOW_CTX_DAG_OWNER='GGCODE' AIRFLOW_CTX_DAG_ID='dimension_batch_ingestion' AIRFLOW_CTX_TASK_ID='ingest_customer_dim' AIRFLOW_CTX_EXECUTION_DATE='2025-07-31T22:27:31.598476+00:00' AIRFLOW_CTX_TRY_NUMBER='1' AIRFLOW_CTX_DAG_RUN_ID='manual__2025-07-31T22:27:31.598476+00:00'
[2025-07-31T22:27:33.035+0000] {subprocess.py:63} INFO - Tmp dir root location: /tmp
[2025-07-31T22:27:33.036+0000] {subprocess.py:75} INFO - Running command: ['/bin/bash', '-c', 'curl -X POST -F file=@/opt/***/customer_dim_large_data.csv -H "Content-Type: multipart/form-data" "http://pinot-controller:9000/ingestFromFile?tableNameWithType=customer_dim_OFFLINE&batchConfigMapStr=%7B%22inputFormat%22%3A%22csv%22%2C%22recordReader.prop.delimiter%22%3A%22%2C%22%7D"']
[2025-07-31T22:27:33.047+0000] {subprocess.py:86} INFO - Output:
[2025-07-31T22:27:33.075+0000] {subprocess.py:93} INFO -   % Total    % Received % Xferd  Average Speed   Time    Time     Time  Current
[2025-07-31T22:27:33.075+0000] {subprocess.py:93} INFO -                                  Dload  Upload   Total   Spent    Left  Speed
[2025-07-31T22:27:33.223+0000] {subprocess.py:93} INFO -   0     0    0     0    0     0      0      0 --:--:-- --:--:-- --:--:--     0100  8268  100   111  100  8157    750  55114 --:--:-- --:--:-- --:--:-- 55864
[2025-07-31T22:27:33.225+0000] {subprocess.py:93} INFO - {"status":"Successfully ingested file into table: customer_dim_OFFLINE as segment: customer_dim_1754000853109"}
[2025-07-31T22:27:33.226+0000] {subprocess.py:97} INFO - Command exited with return code 0
[2025-07-31T22:27:33.263+0000] {taskinstance.py:1398} INFO - Marking task as SUCCESS. dag_id=dimension_batch_ingestion, task_id=ingest_customer_dim, execution_date=20250731T222731, start_date=20250731T222732, end_date=20250731T222733
[2025-07-31T22:27:33.305+0000] {local_task_job_runner.py:228} INFO - Task exited with return code 0
[2025-07-31T22:27:33.338+0000] {taskinstance.py:2776} INFO - 0 downstream tasks scheduled from follow-on schedule check
