[2025-07-31T21:23:07.660+0000] {taskinstance.py:1157} INFO - Dependencies all met for dep_context=non-requeueable deps ti=<TaskInstance: dimension_batch_ingestion.ingest_account_dim manual__2025-07-31T21:23:07.110470+00:00 [queued]>
[2025-07-31T21:23:07.666+0000] {taskinstance.py:1157} INFO - Dependencies all met for dep_context=requeueable deps ti=<TaskInstance: dimension_batch_ingestion.ingest_account_dim manual__2025-07-31T21:23:07.110470+00:00 [queued]>
[2025-07-31T21:23:07.667+0000] {taskinstance.py:1359} INFO - Starting attempt 1 of 1
[2025-07-31T21:23:07.677+0000] {taskinstance.py:1380} INFO - Executing <Task(BashOperator): ingest_account_dim> on 2025-07-31 21:23:07.110470+00:00
[2025-07-31T21:23:07.680+0000] {standard_task_runner.py:57} INFO - Started process 611 to run task
[2025-07-31T21:23:07.683+0000] {standard_task_runner.py:84} INFO - Running: ['***', 'tasks', 'run', 'dimension_batch_ingestion', 'ingest_account_dim', 'manual__2025-07-31T21:23:07.110470+00:00', '--job-id', '963', '--raw', '--subdir', 'DAGS_FOLDER/loader_dag.py', '--cfg-path', '/tmp/tmp4yklca1d']
[2025-07-31T21:23:07.687+0000] {standard_task_runner.py:85} INFO - Job 963: Subtask ingest_account_dim
[2025-07-31T21:23:07.728+0000] {task_command.py:415} INFO - Running <TaskInstance: dimension_batch_ingestion.ingest_account_dim manual__2025-07-31T21:23:07.110470+00:00 [running]> on host ba5ca71193ef
[2025-07-31T21:23:07.798+0000] {taskinstance.py:1660} INFO - Exporting env vars: AIRFLOW_CTX_DAG_OWNER='GGCODE' AIRFLOW_CTX_DAG_ID='dimension_batch_ingestion' AIRFLOW_CTX_TASK_ID='ingest_account_dim' AIRFLOW_CTX_EXECUTION_DATE='2025-07-31T21:23:07.110470+00:00' AIRFLOW_CTX_TRY_NUMBER='1' AIRFLOW_CTX_DAG_RUN_ID='manual__2025-07-31T21:23:07.110470+00:00'
[2025-07-31T21:23:07.799+0000] {subprocess.py:63} INFO - Tmp dir root location: /tmp
[2025-07-31T21:23:07.800+0000] {subprocess.py:75} INFO - Running command: ['/bin/bash', '-c', 'curl -X POST -F file=@/opt/***/account_dim_large_data.csv -H "Content-Type: multipart/form-data" "http://pinot-controller:9000/ingestFromFile?tableNameWithType=account_dim_OFFLINE&batchConfigMapStr=%7B%22inputFormat%22%3A%22csv%22%2C%22recordReader.prop.delimiter%22%3A%22%2C%22%7D"']
[2025-07-31T21:23:07.806+0000] {subprocess.py:86} INFO - Output:
[2025-07-31T21:23:07.813+0000] {subprocess.py:93} INFO -   % Total    % Received % Xferd  Average Speed   Time    Time     Time  Current
[2025-07-31T21:23:07.814+0000] {subprocess.py:93} INFO -                                  Dload  Upload   Total   Spent    Left  Speed
[2025-07-31T21:23:08.416+0000] {subprocess.py:93} INFO -   0     0    0     0    0     0      0      0 --:--:-- --:--:-- --:--:--     0100  2961  100   109  100  2852    180   4729 --:--:-- --:--:-- --:--:--  4902100  2961  100   109  100  2852    180   4729 --:--:-- --:--:-- --:--:--  4902
[2025-07-31T21:23:08.417+0000] {subprocess.py:93} INFO - {"status":"Successfully ingested file into table: account_dim_OFFLINE as segment: account_dim_1753996987828"}
[2025-07-31T21:23:08.417+0000] {subprocess.py:97} INFO - Command exited with return code 0
[2025-07-31T21:23:08.438+0000] {taskinstance.py:1398} INFO - Marking task as SUCCESS. dag_id=dimension_batch_ingestion, task_id=ingest_account_dim, execution_date=20250731T212307, start_date=20250731T212307, end_date=20250731T212308
[2025-07-31T21:23:08.486+0000] {local_task_job_runner.py:228} INFO - Task exited with return code 0
[2025-07-31T21:23:08.505+0000] {taskinstance.py:2776} INFO - 0 downstream tasks scheduled from follow-on schedule check
