[2025-07-31T21:23:07.631+0000] {taskinstance.py:1157} INFO - Dependencies all met for dep_context=non-requeueable deps ti=<TaskInstance: dimension_batch_ingestion.ingest_customer_dim manual__2025-07-31T21:23:07.110470+00:00 [queued]>
[2025-07-31T21:23:07.638+0000] {taskinstance.py:1157} INFO - Dependencies all met for dep_context=requeueable deps ti=<TaskInstance: dimension_batch_ingestion.ingest_customer_dim manual__2025-07-31T21:23:07.110470+00:00 [queued]>
[2025-07-31T21:23:07.639+0000] {taskinstance.py:1359} INFO - Starting attempt 1 of 1
[2025-07-31T21:23:07.650+0000] {taskinstance.py:1380} INFO - Executing <Task(BashOperator): ingest_customer_dim> on 2025-07-31 21:23:07.110470+00:00
[2025-07-31T21:23:07.653+0000] {standard_task_runner.py:57} INFO - Started process 609 to run task
[2025-07-31T21:23:07.656+0000] {standard_task_runner.py:84} INFO - Running: ['***', 'tasks', 'run', 'dimension_batch_ingestion', 'ingest_customer_dim', 'manual__2025-07-31T21:23:07.110470+00:00', '--job-id', '961', '--raw', '--subdir', 'DAGS_FOLDER/loader_dag.py', '--cfg-path', '/tmp/tmpbb6y6fhb']
[2025-07-31T21:23:07.660+0000] {standard_task_runner.py:85} INFO - Job 961: Subtask ingest_customer_dim
[2025-07-31T21:23:07.698+0000] {task_command.py:415} INFO - Running <TaskInstance: dimension_batch_ingestion.ingest_customer_dim manual__2025-07-31T21:23:07.110470+00:00 [running]> on host ba5ca71193ef
[2025-07-31T21:23:07.773+0000] {taskinstance.py:1660} INFO - Exporting env vars: AIRFLOW_CTX_DAG_OWNER='GGCODE' AIRFLOW_CTX_DAG_ID='dimension_batch_ingestion' AIRFLOW_CTX_TASK_ID='ingest_customer_dim' AIRFLOW_CTX_EXECUTION_DATE='2025-07-31T21:23:07.110470+00:00' AIRFLOW_CTX_TRY_NUMBER='1' AIRFLOW_CTX_DAG_RUN_ID='manual__2025-07-31T21:23:07.110470+00:00'
[2025-07-31T21:23:07.774+0000] {subprocess.py:63} INFO - Tmp dir root location: /tmp
[2025-07-31T21:23:07.776+0000] {subprocess.py:75} INFO - Running command: ['/bin/bash', '-c', 'curl -X POST -F file=@/opt/***/customer_dim_large_data.csv -H "Content-Type: multipart/form-data" "http://pinot-controller:9000/ingestFromFile?tableNameWithType=customer_dim_OFFLINE&batchConfigMapStr=%7B%22inputFormat%22%3A%22csv%22%2C%22recordReader.prop.delimiter%22%3A%22%2C%22%7D"']
[2025-07-31T21:23:07.785+0000] {subprocess.py:86} INFO - Output:
[2025-07-31T21:23:07.796+0000] {subprocess.py:93} INFO -   % Total    % Received % Xferd  Average Speed   Time    Time     Time  Current
[2025-07-31T21:23:07.797+0000] {subprocess.py:93} INFO -                                  Dload  Upload   Total   Spent    Left  Speed
[2025-07-31T21:23:08.386+0000] {subprocess.py:93} INFO -   0     0    0     0    0     0      0      0 --:--:-- --:--:-- --:--:--     0100  8261  100   111  100  8150    188  13837 --:--:-- --:--:-- --:--:-- 14001100  8261  100   111  100  8150    188  13813 --:--:-- --:--:-- --:--:-- 14001
[2025-07-31T21:23:08.387+0000] {subprocess.py:93} INFO - {"status":"Successfully ingested file into table: customer_dim_OFFLINE as segment: customer_dim_1753996987828"}
[2025-07-31T21:23:08.388+0000] {subprocess.py:97} INFO - Command exited with return code 0
[2025-07-31T21:23:08.412+0000] {taskinstance.py:1398} INFO - Marking task as SUCCESS. dag_id=dimension_batch_ingestion, task_id=ingest_customer_dim, execution_date=20250731T212307, start_date=20250731T212307, end_date=20250731T212308
[2025-07-31T21:23:08.451+0000] {local_task_job_runner.py:228} INFO - Task exited with return code 0
[2025-07-31T21:23:08.472+0000] {taskinstance.py:2776} INFO - 0 downstream tasks scheduled from follow-on schedule check
